{"timestamp":"2025-11-27T14:07:42.518364","level":"info","event":"DAG bundles loaded: dags-folder","logger":"airflow.dag_processing.bundles.manager.DagBundlesManager"}
{"timestamp":"2025-11-27T14:07:42.518766","level":"info","event":"Filling up the DagBag from /opt/airflow/dags/trigger_step2.py","logger":"airflow.models.dagbag.DagBag"}
{"timestamp":"2025-11-27T14:07:43.240356Z","level":"info","event":">>> Insere registro na tabela principal e retorna o ID gerado.","chan":"stdout","logger":"task"}
{"timestamp":"2025-11-27T14:07:43.241102Z","level":"info","event":">>> Inicio  inserir_tblsandbox - Arquivo recebido: Teste_20251126.json","chan":"stdout","logger":"task"}
{"timestamp":"2025-11-27T14:07:43.241419Z","level":"info","event":">>> Conexão com sucesso SnowflakeHook - snowflake_sandboxdata_conn","chan":"stdout","logger":"task"}
{"timestamp":"2025-11-27T14:07:43.226587","level":"info","event":"Secrets backends loaded for worker","count":1,"backend_classes":["EnvironmentVariablesBackend"],"logger":"supervisor"}
{"timestamp":"2025-11-27T14:07:43.241081","level":"info","event":"Connection Retrieved 'snowflake_sandboxdata_conn'","logger":"airflow.hooks.base"}
{"timestamp":"2025-11-27T14:07:43.241366","level":"info","event":"Snowflake Connector for Python Version: 3.15.0, Python Version: 3.12.10, Platform: Linux-5.15.167.4-microsoft-standard-WSL2-x86_64-with-glibc2.36","logger":"snowflake.connector.connection"}
{"timestamp":"2025-11-27T14:07:43.241750","level":"info","event":"Connecting to GLOBAL Snowflake domain","logger":"snowflake.connector.connection"}
{"timestamp":"2025-11-27T14:07:43.963897","level":"info","event":"Running statement: USE DATABASE SANDBOXDATA;, parameters: None","logger":"airflow.task.hooks.airflow.providers.snowflake.hooks.snowflake.SnowflakeHook"}
{"timestamp":"2025-11-27T14:07:44.145142","level":"info","event":"Rows affected: 1","logger":"airflow.task.hooks.airflow.providers.snowflake.hooks.snowflake.SnowflakeHook"}
{"timestamp":"2025-11-27T14:07:44.145310","level":"info","event":"Rows affected: 1","logger":"airflow.task.hooks.airflow.providers.snowflake.hooks.snowflake.SnowflakeHook"}
{"timestamp":"2025-11-27T14:07:44.145380","level":"info","event":"Snowflake query id: 01c0ac2f-0001-477b-0002-40fa00063092","logger":"airflow.task.hooks.airflow.providers.snowflake.hooks.snowflake.SnowflakeHook"}
{"timestamp":"2025-11-27T14:07:44.586038","level":"info","event":"Secrets backends loaded for worker","count":1,"backend_classes":["EnvironmentVariablesBackend"],"logger":"supervisor"}
{"timestamp":"2025-11-27T14:07:44.592624","level":"info","event":"Connection Retrieved 'snowflake_sandboxdata_conn'","logger":"airflow.hooks.base"}
{"timestamp":"2025-11-27T14:07:44.592937","level":"info","event":"Snowflake Connector for Python Version: 3.15.0, Python Version: 3.12.10, Platform: Linux-5.15.167.4-microsoft-standard-WSL2-x86_64-with-glibc2.36","logger":"snowflake.connector.connection"}
{"timestamp":"2025-11-27T14:07:44.593230","level":"info","event":"Connecting to GLOBAL Snowflake domain","logger":"snowflake.connector.connection"}
{"timestamp":"2025-11-27T14:07:45.444537","level":"info","event":"Running statement: SELECT SANDBOXDATA.PUBLIC.SEQ_FILES_UID.NEXTVAL;, parameters: None","logger":"airflow.task.hooks.airflow.providers.snowflake.hooks.snowflake.SnowflakeHook"}
{"timestamp":"2025-11-27T14:07:45.977798","level":"info","event":"Rows affected: 1","logger":"airflow.task.hooks.airflow.providers.snowflake.hooks.snowflake.SnowflakeHook"}
{"timestamp":"2025-11-27T14:07:45.978375","level":"warning","event":"/home/airflow/.local/lib/python3.12/site-packages/airflow/providers/snowflake/hooks/snowflake.py:392: DeprecationWarning: Import of return_single_query_results from the 'airflow.providers.common.sql.hooks' module is deprecated and will\nbe removed in the future. Please import it from 'airflow.providers.common.sql.hooks.handlers'.\n  if return_single_query_results(sql, return_last, split_statements):\n","logger":"py.warnings"}
{"timestamp":"2025-11-27T14:07:45.978493","level":"info","event":"Rows affected: 1","logger":"airflow.task.hooks.airflow.providers.snowflake.hooks.snowflake.SnowflakeHook"}
{"timestamp":"2025-11-27T14:07:45.978560","level":"info","event":"Snowflake query id: 01c0ac2f-0001-477b-0002-40fa0006309a","logger":"airflow.task.hooks.airflow.providers.snowflake.hooks.snowflake.SnowflakeHook"}
{"timestamp":"2025-11-27T14:07:46.411573","level":"warning","event":"/home/airflow/.local/lib/python3.12/site-packages/airflow/providers/snowflake/hooks/snowflake.py:410: DeprecationWarning: Import of return_single_query_results from the 'airflow.providers.common.sql.hooks' module is deprecated and will\nbe removed in the future. Please import it from 'airflow.providers.common.sql.hooks.handlers'.\n  if return_single_query_results(sql, return_last, split_statements):\n","logger":"py.warnings"}
{"timestamp":"2025-11-27T14:07:46.412000","level":"info","event":"Secrets backends loaded for worker","count":1,"backend_classes":["EnvironmentVariablesBackend"],"logger":"supervisor"}
{"timestamp":"2025-11-27T14:07:46.412489Z","level":"info","event":">>> Próximo ID obtido da sequence: 42","chan":"stdout","logger":"task"}
{"timestamp":"2025-11-27T14:07:46.418781","level":"info","event":"Connection Retrieved 'snowflake_sandboxdata_conn'","logger":"airflow.hooks.base"}
{"timestamp":"2025-11-27T14:07:46.419096","level":"info","event":"Snowflake Connector for Python Version: 3.15.0, Python Version: 3.12.10, Platform: Linux-5.15.167.4-microsoft-standard-WSL2-x86_64-with-glibc2.36","logger":"snowflake.connector.connection"}
{"timestamp":"2025-11-27T14:07:46.419373","level":"info","event":"Connecting to GLOBAL Snowflake domain","logger":"snowflake.connector.connection"}
{"timestamp":"2025-11-27T14:07:47.063695","level":"info","event":"Running statement: INSERT INTO SANDBOXDATA.PUBLIC.tblSandbox (id_file, ds_file)\n            VALUES (42, 'Teste_20251126.json');, parameters: None","logger":"airflow.task.hooks.airflow.providers.snowflake.hooks.snowflake.SnowflakeHook"}
{"timestamp":"2025-11-27T14:07:47.879730","level":"info","event":"Rows affected: 1","logger":"airflow.task.hooks.airflow.providers.snowflake.hooks.snowflake.SnowflakeHook"}
{"timestamp":"2025-11-27T14:07:47.879872","level":"info","event":"Rows affected: 1","logger":"airflow.task.hooks.airflow.providers.snowflake.hooks.snowflake.SnowflakeHook"}
{"timestamp":"2025-11-27T14:07:47.879940","level":"info","event":"Snowflake query id: 01c0ac2f-0001-4766-0002-40fa0006250a","logger":"airflow.task.hooks.airflow.providers.snowflake.hooks.snowflake.SnowflakeHook"}
{"timestamp":"2025-11-27T14:07:48.494093Z","level":"info","event":">>> Finalizado inserir_tblsandbox: Teste_20251126.json","chan":"stdout","logger":"task"}
{"timestamp":"2025-11-27T14:07:48.494517Z","level":"info","event":">>> ID gerado: 42","chan":"stdout","logger":"task"}
{"timestamp":"2025-11-27T14:07:48.494113","level":"info","event":"Done. Returned value was: 42","logger":"airflow.task.operators.airflow.providers.standard.decorators.python._PythonDecoratedOperator"}
{"timestamp":"2025-11-27T14:07:48.494316","level":"info","event":"Pushing xcom","ti":"RuntimeTaskInstance(id=UUID('019ac5a4-1600-7324-abb7-e34c7de79b0c'), task_id='inserir_tblsandbox', dag_id='trigger_process_json', run_id='manual__2025-11-27T14:07:36.409453+00:00', try_number=1, map_index=-1, hostname='6c01ba696107', context_carrier={}, task=<Task(_PythonDecoratedOperator): inserir_tblsandbox>, bundle_instance=LocalDagBundle(name=dags-folder), max_tries=0, start_date=datetime.datetime(2025, 11, 27, 14, 7, 42, 365285, tzinfo=TzInfo(UTC)), end_date=None, state=<TaskInstanceState.RUNNING: 'running'>, is_mapped=False, rendered_map_index=None)","logger":"task"}
