{"timestamp":"2025-11-27T14:10:43.440283","level":"info","event":"DAG bundles loaded: dags-folder","logger":"airflow.dag_processing.bundles.manager.DagBundlesManager"}
{"timestamp":"2025-11-27T14:10:43.440841","level":"info","event":"Filling up the DagBag from /opt/airflow/dags/trigger_step2.py","logger":"airflow.models.dagbag.DagBag"}
{"timestamp":"2025-11-27T14:10:44.068544Z","level":"info","event":">>> Insere registro na tabela principal e retorna o ID gerado.","chan":"stdout","logger":"task"}
{"timestamp":"2025-11-27T14:10:44.069002Z","level":"info","event":">>> Inicio  inserir_tblsandbox - Arquivo recebido: Teste_20251126.json","chan":"stdout","logger":"task"}
{"timestamp":"2025-11-27T14:10:44.069268Z","level":"info","event":">>> Conexão com sucesso SnowflakeHook - snowflake_sandboxdata_conn","chan":"stdout","logger":"task"}
{"timestamp":"2025-11-27T14:10:44.055462","level":"info","event":"Secrets backends loaded for worker","count":1,"backend_classes":["EnvironmentVariablesBackend"],"logger":"supervisor"}
{"timestamp":"2025-11-27T14:10:44.069219","level":"info","event":"Connection Retrieved 'snowflake_sandboxdata_conn'","logger":"airflow.hooks.base"}
{"timestamp":"2025-11-27T14:10:44.069488","level":"info","event":"Snowflake Connector for Python Version: 3.15.0, Python Version: 3.12.10, Platform: Linux-5.15.167.4-microsoft-standard-WSL2-x86_64-with-glibc2.36","logger":"snowflake.connector.connection"}
{"timestamp":"2025-11-27T14:10:44.069874","level":"info","event":"Connecting to GLOBAL Snowflake domain","logger":"snowflake.connector.connection"}
{"timestamp":"2025-11-27T14:10:45.060270","level":"info","event":"Running statement: USE DATABASE SANDBOXDATA;, parameters: None","logger":"airflow.task.hooks.airflow.providers.snowflake.hooks.snowflake.SnowflakeHook"}
{"timestamp":"2025-11-27T14:10:45.233581","level":"info","event":"Rows affected: 1","logger":"airflow.task.hooks.airflow.providers.snowflake.hooks.snowflake.SnowflakeHook"}
{"timestamp":"2025-11-27T14:10:45.233730","level":"info","event":"Rows affected: 1","logger":"airflow.task.hooks.airflow.providers.snowflake.hooks.snowflake.SnowflakeHook"}
{"timestamp":"2025-11-27T14:10:45.233797","level":"info","event":"Snowflake query id: 01c0ac32-0001-4766-0002-40fa00062516","logger":"airflow.task.hooks.airflow.providers.snowflake.hooks.snowflake.SnowflakeHook"}
{"timestamp":"2025-11-27T14:10:45.670851","level":"info","event":"Secrets backends loaded for worker","count":1,"backend_classes":["EnvironmentVariablesBackend"],"logger":"supervisor"}
{"timestamp":"2025-11-27T14:10:45.677428","level":"info","event":"Connection Retrieved 'snowflake_sandboxdata_conn'","logger":"airflow.hooks.base"}
{"timestamp":"2025-11-27T14:10:45.677736","level":"info","event":"Snowflake Connector for Python Version: 3.15.0, Python Version: 3.12.10, Platform: Linux-5.15.167.4-microsoft-standard-WSL2-x86_64-with-glibc2.36","logger":"snowflake.connector.connection"}
{"timestamp":"2025-11-27T14:10:45.678027","level":"info","event":"Connecting to GLOBAL Snowflake domain","logger":"snowflake.connector.connection"}
{"timestamp":"2025-11-27T14:10:46.401454","level":"info","event":"Running statement: SELECT SANDBOXDATA.PUBLIC.SEQ_FILES_UID.NEXTVAL;, parameters: None","logger":"airflow.task.hooks.airflow.providers.snowflake.hooks.snowflake.SnowflakeHook"}
{"timestamp":"2025-11-27T14:10:46.988443","level":"info","event":"Rows affected: 1","logger":"airflow.task.hooks.airflow.providers.snowflake.hooks.snowflake.SnowflakeHook"}
{"timestamp":"2025-11-27T14:10:46.988981","level":"warning","event":"/home/airflow/.local/lib/python3.12/site-packages/airflow/providers/snowflake/hooks/snowflake.py:392: DeprecationWarning: Import of return_single_query_results from the 'airflow.providers.common.sql.hooks' module is deprecated and will\nbe removed in the future. Please import it from 'airflow.providers.common.sql.hooks.handlers'.\n  if return_single_query_results(sql, return_last, split_statements):\n","logger":"py.warnings"}
{"timestamp":"2025-11-27T14:10:46.989114","level":"info","event":"Rows affected: 1","logger":"airflow.task.hooks.airflow.providers.snowflake.hooks.snowflake.SnowflakeHook"}
{"timestamp":"2025-11-27T14:10:46.989184","level":"info","event":"Snowflake query id: 01c0ac32-0001-4766-0002-40fa0006251e","logger":"airflow.task.hooks.airflow.providers.snowflake.hooks.snowflake.SnowflakeHook"}
{"timestamp":"2025-11-27T14:10:47.430039","level":"warning","event":"/home/airflow/.local/lib/python3.12/site-packages/airflow/providers/snowflake/hooks/snowflake.py:410: DeprecationWarning: Import of return_single_query_results from the 'airflow.providers.common.sql.hooks' module is deprecated and will\nbe removed in the future. Please import it from 'airflow.providers.common.sql.hooks.handlers'.\n  if return_single_query_results(sql, return_last, split_statements):\n","logger":"py.warnings"}
{"timestamp":"2025-11-27T14:10:47.430462","level":"info","event":"Secrets backends loaded for worker","count":1,"backend_classes":["EnvironmentVariablesBackend"],"logger":"supervisor"}
{"timestamp":"2025-11-27T14:10:47.430994Z","level":"info","event":">>> Próximo ID obtido da sequence: 43","chan":"stdout","logger":"task"}
{"timestamp":"2025-11-27T14:10:47.437195","level":"info","event":"Connection Retrieved 'snowflake_sandboxdata_conn'","logger":"airflow.hooks.base"}
{"timestamp":"2025-11-27T14:10:47.437475","level":"info","event":"Snowflake Connector for Python Version: 3.15.0, Python Version: 3.12.10, Platform: Linux-5.15.167.4-microsoft-standard-WSL2-x86_64-with-glibc2.36","logger":"snowflake.connector.connection"}
{"timestamp":"2025-11-27T14:10:47.437716","level":"info","event":"Connecting to GLOBAL Snowflake domain","logger":"snowflake.connector.connection"}
{"timestamp":"2025-11-27T14:10:48.094209","level":"info","event":"Running statement: INSERT INTO SANDBOXDATA.PUBLIC.tblSandbox (id_file, ds_file)\n            VALUES (43, 'Teste_20251126.json');, parameters: None","logger":"airflow.task.hooks.airflow.providers.snowflake.hooks.snowflake.SnowflakeHook"}
{"timestamp":"2025-11-27T14:10:48.796231","level":"info","event":"Rows affected: 1","logger":"airflow.task.hooks.airflow.providers.snowflake.hooks.snowflake.SnowflakeHook"}
{"timestamp":"2025-11-27T14:10:48.796408","level":"info","event":"Rows affected: 1","logger":"airflow.task.hooks.airflow.providers.snowflake.hooks.snowflake.SnowflakeHook"}
{"timestamp":"2025-11-27T14:10:48.796476","level":"info","event":"Snowflake query id: 01c0ac32-0001-4766-0002-40fa00062522","logger":"airflow.task.hooks.airflow.providers.snowflake.hooks.snowflake.SnowflakeHook"}
{"timestamp":"2025-11-27T14:10:49.484445Z","level":"info","event":">>> Finalizado inserir_tblsandbox: Teste_20251126.json","chan":"stdout","logger":"task"}
{"timestamp":"2025-11-27T14:10:49.485058Z","level":"info","event":">>> ID gerado: 43","chan":"stdout","logger":"task"}
{"timestamp":"2025-11-27T14:10:49.484662","level":"info","event":"Done. Returned value was: 43","logger":"airflow.task.operators.airflow.providers.standard.decorators.python._PythonDecoratedOperator"}
{"timestamp":"2025-11-27T14:10:49.485019","level":"info","event":"Pushing xcom","ti":"RuntimeTaskInstance(id=UUID('019ac5a6-d8c0-71be-be25-75dc354591b4'), task_id='inserir_tblsandbox', dag_id='trigger_process_json', run_id='manual__2025-11-27T14:10:37.339001+00:00', try_number=1, map_index=-1, hostname='6c01ba696107', context_carrier={}, task=<Task(_PythonDecoratedOperator): inserir_tblsandbox>, bundle_instance=LocalDagBundle(name=dags-folder), max_tries=0, start_date=datetime.datetime(2025, 11, 27, 14, 10, 43, 298681, tzinfo=TzInfo(UTC)), end_date=None, state=<TaskInstanceState.RUNNING: 'running'>, is_mapped=False, rendered_map_index=None)","logger":"task"}
