{"timestamp":"2025-11-27T14:33:43.207115","level":"info","event":"DAG bundles loaded: dags-folder","logger":"airflow.dag_processing.bundles.manager.DagBundlesManager"}
{"timestamp":"2025-11-27T14:33:43.207565","level":"info","event":"Filling up the DagBag from /opt/airflow/dags/trigger_step2.py","logger":"airflow.models.dagbag.DagBag"}
{"timestamp":"2025-11-27T14:33:43.849700Z","level":"info","event":">>> Insere registro na tabela principal e retorna o ID gerado.","chan":"stdout","logger":"task"}
{"timestamp":"2025-11-27T14:33:43.850139Z","level":"info","event":">>> Inicio  inserir_tblsandbox - Arquivo recebido: Teste_20251126.json","chan":"stdout","logger":"task"}
{"timestamp":"2025-11-27T14:33:43.850380Z","level":"info","event":">>> Conexão com sucesso SnowflakeHook - snowflake_sandboxdata_conn","chan":"stdout","logger":"task"}
{"timestamp":"2025-11-27T14:33:43.836141","level":"info","event":"Secrets backends loaded for worker","count":1,"backend_classes":["EnvironmentVariablesBackend"],"logger":"supervisor"}
{"timestamp":"2025-11-27T14:33:43.850386","level":"info","event":"Connection Retrieved 'snowflake_sandboxdata_conn'","logger":"airflow.hooks.base"}
{"timestamp":"2025-11-27T14:33:43.850653","level":"info","event":"Snowflake Connector for Python Version: 3.15.0, Python Version: 3.12.10, Platform: Linux-5.15.167.4-microsoft-standard-WSL2-x86_64-with-glibc2.36","logger":"snowflake.connector.connection"}
{"timestamp":"2025-11-27T14:33:43.850977","level":"info","event":"Connecting to GLOBAL Snowflake domain","logger":"snowflake.connector.connection"}
{"timestamp":"2025-11-27T14:33:44.575878","level":"info","event":"Running statement: USE DATABASE SANDBOXDATA;, parameters: None","logger":"airflow.task.hooks.airflow.providers.snowflake.hooks.snowflake.SnowflakeHook"}
{"timestamp":"2025-11-27T14:33:44.746769","level":"info","event":"Rows affected: 1","logger":"airflow.task.hooks.airflow.providers.snowflake.hooks.snowflake.SnowflakeHook"}
{"timestamp":"2025-11-27T14:33:44.746912","level":"info","event":"Rows affected: 1","logger":"airflow.task.hooks.airflow.providers.snowflake.hooks.snowflake.SnowflakeHook"}
{"timestamp":"2025-11-27T14:33:44.746981","level":"info","event":"Snowflake query id: 01c0ac49-0001-4766-0002-40fa0006269a","logger":"airflow.task.hooks.airflow.providers.snowflake.hooks.snowflake.SnowflakeHook"}
{"timestamp":"2025-11-27T14:33:45.177456","level":"info","event":"Secrets backends loaded for worker","count":1,"backend_classes":["EnvironmentVariablesBackend"],"logger":"supervisor"}
{"timestamp":"2025-11-27T14:33:45.183920","level":"info","event":"Connection Retrieved 'snowflake_sandboxdata_conn'","logger":"airflow.hooks.base"}
{"timestamp":"2025-11-27T14:33:45.184238","level":"info","event":"Snowflake Connector for Python Version: 3.15.0, Python Version: 3.12.10, Platform: Linux-5.15.167.4-microsoft-standard-WSL2-x86_64-with-glibc2.36","logger":"snowflake.connector.connection"}
{"timestamp":"2025-11-27T14:33:45.184506","level":"info","event":"Connecting to GLOBAL Snowflake domain","logger":"snowflake.connector.connection"}
{"timestamp":"2025-11-27T14:33:45.906129","level":"info","event":"Running statement: SELECT SANDBOXDATA.PUBLIC.SEQ_FILES_UID.NEXTVAL;, parameters: None","logger":"airflow.task.hooks.airflow.providers.snowflake.hooks.snowflake.SnowflakeHook"}
{"timestamp":"2025-11-27T14:33:46.434823","level":"info","event":"Rows affected: 1","logger":"airflow.task.hooks.airflow.providers.snowflake.hooks.snowflake.SnowflakeHook"}
{"timestamp":"2025-11-27T14:33:46.435492","level":"warning","event":"/home/airflow/.local/lib/python3.12/site-packages/airflow/providers/snowflake/hooks/snowflake.py:392: DeprecationWarning: Import of return_single_query_results from the 'airflow.providers.common.sql.hooks' module is deprecated and will\nbe removed in the future. Please import it from 'airflow.providers.common.sql.hooks.handlers'.\n  if return_single_query_results(sql, return_last, split_statements):\n","logger":"py.warnings"}
{"timestamp":"2025-11-27T14:33:46.435608","level":"info","event":"Rows affected: 1","logger":"airflow.task.hooks.airflow.providers.snowflake.hooks.snowflake.SnowflakeHook"}
{"timestamp":"2025-11-27T14:33:46.435674","level":"info","event":"Snowflake query id: 01c0ac49-0001-4766-0002-40fa000626a6","logger":"airflow.task.hooks.airflow.providers.snowflake.hooks.snowflake.SnowflakeHook"}
{"timestamp":"2025-11-27T14:33:46.957463","level":"warning","event":"/home/airflow/.local/lib/python3.12/site-packages/airflow/providers/snowflake/hooks/snowflake.py:410: DeprecationWarning: Import of return_single_query_results from the 'airflow.providers.common.sql.hooks' module is deprecated and will\nbe removed in the future. Please import it from 'airflow.providers.common.sql.hooks.handlers'.\n  if return_single_query_results(sql, return_last, split_statements):\n","logger":"py.warnings"}
{"timestamp":"2025-11-27T14:33:46.957887","level":"info","event":"Secrets backends loaded for worker","count":1,"backend_classes":["EnvironmentVariablesBackend"],"logger":"supervisor"}
{"timestamp":"2025-11-27T14:33:46.958272Z","level":"info","event":">>> Próximo ID obtido da sequence: 50","chan":"stdout","logger":"task"}
{"timestamp":"2025-11-27T14:33:46.964080","level":"info","event":"Connection Retrieved 'snowflake_sandboxdata_conn'","logger":"airflow.hooks.base"}
{"timestamp":"2025-11-27T14:33:46.964317","level":"info","event":"Snowflake Connector for Python Version: 3.15.0, Python Version: 3.12.10, Platform: Linux-5.15.167.4-microsoft-standard-WSL2-x86_64-with-glibc2.36","logger":"snowflake.connector.connection"}
{"timestamp":"2025-11-27T14:33:46.964633","level":"info","event":"Connecting to GLOBAL Snowflake domain","logger":"snowflake.connector.connection"}
{"timestamp":"2025-11-27T14:33:47.616144","level":"info","event":"Running statement: INSERT INTO SANDBOXDATA.PUBLIC.tblSandbox (id_file, ds_file)\n            VALUES (50, 'Teste_20251126.json');, parameters: None","logger":"airflow.task.hooks.airflow.providers.snowflake.hooks.snowflake.SnowflakeHook"}
{"timestamp":"2025-11-27T14:33:48.467646","level":"info","event":"Rows affected: 1","logger":"airflow.task.hooks.airflow.providers.snowflake.hooks.snowflake.SnowflakeHook"}
{"timestamp":"2025-11-27T14:33:48.467781","level":"info","event":"Rows affected: 1","logger":"airflow.task.hooks.airflow.providers.snowflake.hooks.snowflake.SnowflakeHook"}
{"timestamp":"2025-11-27T14:33:48.467848","level":"info","event":"Snowflake query id: 01c0ac49-0001-4766-0002-40fa000626b2","logger":"airflow.task.hooks.airflow.providers.snowflake.hooks.snowflake.SnowflakeHook"}
{"timestamp":"2025-11-27T14:33:49.086494Z","level":"info","event":">>> Finalizado inserir_tblsandbox: Teste_20251126.json","chan":"stdout","logger":"task"}
{"timestamp":"2025-11-27T14:33:49.086819Z","level":"info","event":">>> ID gerado: 50","chan":"stdout","logger":"task"}
{"timestamp":"2025-11-27T14:33:49.086556","level":"info","event":"Done. Returned value was: 50","logger":"airflow.task.operators.airflow.providers.standard.decorators.python._PythonDecoratedOperator"}
{"timestamp":"2025-11-27T14:33:49.086778","level":"info","event":"Pushing xcom","ti":"RuntimeTaskInstance(id=UUID('019ac5bb-e6a4-7552-86aa-9d022d0062c1'), task_id='inserir_tblsandbox', dag_id='trigger_process_json', run_id='manual__2025-11-27T14:33:37.157555+00:00', try_number=1, map_index=-1, hostname='6c01ba696107', context_carrier={}, task=<Task(_PythonDecoratedOperator): inserir_tblsandbox>, bundle_instance=LocalDagBundle(name=dags-folder), max_tries=0, start_date=datetime.datetime(2025, 11, 27, 14, 33, 43, 45374, tzinfo=TzInfo(UTC)), end_date=None, state=<TaskInstanceState.RUNNING: 'running'>, is_mapped=False, rendered_map_index=None)","logger":"task"}
