{"timestamp":"2025-11-27T14:49:05.803924","level":"info","event":"DAG bundles loaded: dags-folder","logger":"airflow.dag_processing.bundles.manager.DagBundlesManager"}
{"timestamp":"2025-11-27T14:49:05.804488","level":"info","event":"Filling up the DagBag from /opt/airflow/dags/trigger_step2.py","logger":"airflow.models.dagbag.DagBag"}
{"timestamp":"2025-11-27T14:49:06.483722Z","level":"info","event":">>> Insere registro na tabela principal e retorna o ID gerado.","chan":"stdout","logger":"task"}
{"timestamp":"2025-11-27T14:49:06.484224Z","level":"info","event":">>> Inicio  inserir_tblsandbox - Arquivo recebido: Teste_20251126.json","chan":"stdout","logger":"task"}
{"timestamp":"2025-11-27T14:49:06.484507Z","level":"info","event":">>> Conexão com sucesso SnowflakeHook - snowflake_sandboxdata_conn","chan":"stdout","logger":"task"}
{"timestamp":"2025-11-27T14:49:06.470269","level":"info","event":"Secrets backends loaded for worker","count":1,"backend_classes":["EnvironmentVariablesBackend"],"logger":"supervisor"}
{"timestamp":"2025-11-27T14:49:06.484481","level":"info","event":"Connection Retrieved 'snowflake_sandboxdata_conn'","logger":"airflow.hooks.base"}
{"timestamp":"2025-11-27T14:49:06.484769","level":"info","event":"Snowflake Connector for Python Version: 3.15.0, Python Version: 3.12.10, Platform: Linux-5.15.167.4-microsoft-standard-WSL2-x86_64-with-glibc2.36","logger":"snowflake.connector.connection"}
{"timestamp":"2025-11-27T14:49:06.485094","level":"info","event":"Connecting to GLOBAL Snowflake domain","logger":"snowflake.connector.connection"}
{"timestamp":"2025-11-27T14:49:07.280771","level":"info","event":"Running statement: USE DATABASE SANDBOXDATA;, parameters: None","logger":"airflow.task.hooks.airflow.providers.snowflake.hooks.snowflake.SnowflakeHook"}
{"timestamp":"2025-11-27T14:49:07.476347","level":"info","event":"Rows affected: 1","logger":"airflow.task.hooks.airflow.providers.snowflake.hooks.snowflake.SnowflakeHook"}
{"timestamp":"2025-11-27T14:49:07.476490","level":"info","event":"Rows affected: 1","logger":"airflow.task.hooks.airflow.providers.snowflake.hooks.snowflake.SnowflakeHook"}
{"timestamp":"2025-11-27T14:49:07.476559","level":"info","event":"Snowflake query id: 01c0ac59-0001-477b-0002-40fa0006400a","logger":"airflow.task.hooks.airflow.providers.snowflake.hooks.snowflake.SnowflakeHook"}
{"timestamp":"2025-11-27T14:49:07.929076","level":"info","event":"Secrets backends loaded for worker","count":1,"backend_classes":["EnvironmentVariablesBackend"],"logger":"supervisor"}
{"timestamp":"2025-11-27T14:49:07.937187","level":"info","event":"Connection Retrieved 'snowflake_sandboxdata_conn'","logger":"airflow.hooks.base"}
{"timestamp":"2025-11-27T14:49:07.937553","level":"info","event":"Snowflake Connector for Python Version: 3.15.0, Python Version: 3.12.10, Platform: Linux-5.15.167.4-microsoft-standard-WSL2-x86_64-with-glibc2.36","logger":"snowflake.connector.connection"}
{"timestamp":"2025-11-27T14:49:07.937847","level":"info","event":"Connecting to GLOBAL Snowflake domain","logger":"snowflake.connector.connection"}
{"timestamp":"2025-11-27T14:49:08.749566","level":"info","event":"Running statement: SELECT SANDBOXDATA.PUBLIC.SEQ_FILES_UID.NEXTVAL;, parameters: None","logger":"airflow.task.hooks.airflow.providers.snowflake.hooks.snowflake.SnowflakeHook"}
{"timestamp":"2025-11-27T14:49:09.577813","level":"info","event":"Rows affected: 1","logger":"airflow.task.hooks.airflow.providers.snowflake.hooks.snowflake.SnowflakeHook"}
{"timestamp":"2025-11-27T14:49:09.578483","level":"warning","event":"/home/airflow/.local/lib/python3.12/site-packages/airflow/providers/snowflake/hooks/snowflake.py:392: DeprecationWarning: Import of return_single_query_results from the 'airflow.providers.common.sql.hooks' module is deprecated and will\nbe removed in the future. Please import it from 'airflow.providers.common.sql.hooks.handlers'.\n  if return_single_query_results(sql, return_last, split_statements):\n","logger":"py.warnings"}
{"timestamp":"2025-11-27T14:49:09.578614","level":"info","event":"Rows affected: 1","logger":"airflow.task.hooks.airflow.providers.snowflake.hooks.snowflake.SnowflakeHook"}
{"timestamp":"2025-11-27T14:49:09.578682","level":"info","event":"Snowflake query id: 01c0ac59-0001-477b-0002-40fa0006400e","logger":"airflow.task.hooks.airflow.providers.snowflake.hooks.snowflake.SnowflakeHook"}
{"timestamp":"2025-11-27T14:49:10.036816","level":"warning","event":"/home/airflow/.local/lib/python3.12/site-packages/airflow/providers/snowflake/hooks/snowflake.py:410: DeprecationWarning: Import of return_single_query_results from the 'airflow.providers.common.sql.hooks' module is deprecated and will\nbe removed in the future. Please import it from 'airflow.providers.common.sql.hooks.handlers'.\n  if return_single_query_results(sql, return_last, split_statements):\n","logger":"py.warnings"}
{"timestamp":"2025-11-27T14:49:10.037255","level":"info","event":"Secrets backends loaded for worker","count":1,"backend_classes":["EnvironmentVariablesBackend"],"logger":"supervisor"}
{"timestamp":"2025-11-27T14:49:10.037769Z","level":"info","event":">>> Próximo ID obtido da sequence: 51","chan":"stdout","logger":"task"}
{"timestamp":"2025-11-27T14:49:10.043804","level":"info","event":"Connection Retrieved 'snowflake_sandboxdata_conn'","logger":"airflow.hooks.base"}
{"timestamp":"2025-11-27T14:49:10.044086","level":"info","event":"Snowflake Connector for Python Version: 3.15.0, Python Version: 3.12.10, Platform: Linux-5.15.167.4-microsoft-standard-WSL2-x86_64-with-glibc2.36","logger":"snowflake.connector.connection"}
{"timestamp":"2025-11-27T14:49:10.044330","level":"info","event":"Connecting to GLOBAL Snowflake domain","logger":"snowflake.connector.connection"}
{"timestamp":"2025-11-27T14:49:10.715130","level":"info","event":"Running statement: INSERT INTO SANDBOXDATA.PUBLIC.tblSandbox (id_file, ds_file)\n            VALUES (51, 'Teste_20251126.json');, parameters: None","logger":"airflow.task.hooks.airflow.providers.snowflake.hooks.snowflake.SnowflakeHook"}
{"timestamp":"2025-11-27T14:49:12.106439","level":"info","event":"Rows affected: 1","logger":"airflow.task.hooks.airflow.providers.snowflake.hooks.snowflake.SnowflakeHook"}
{"timestamp":"2025-11-27T14:49:12.106607","level":"info","event":"Rows affected: 1","logger":"airflow.task.hooks.airflow.providers.snowflake.hooks.snowflake.SnowflakeHook"}
{"timestamp":"2025-11-27T14:49:12.106674","level":"info","event":"Snowflake query id: 01c0ac59-0001-477b-0002-40fa00064012","logger":"airflow.task.hooks.airflow.providers.snowflake.hooks.snowflake.SnowflakeHook"}
{"timestamp":"2025-11-27T14:49:12.710253Z","level":"info","event":">>> Finalizado inserir_tblsandbox: Teste_20251126.json","chan":"stdout","logger":"task"}
{"timestamp":"2025-11-27T14:49:12.710644Z","level":"info","event":">>> ID gerado: 51","chan":"stdout","logger":"task"}
{"timestamp":"2025-11-27T14:49:12.710295","level":"info","event":"Done. Returned value was: 51","logger":"airflow.task.operators.airflow.providers.standard.decorators.python._PythonDecoratedOperator"}
{"timestamp":"2025-11-27T14:49:12.710552","level":"info","event":"Pushing xcom","ti":"RuntimeTaskInstance(id=UUID('019ac5c9-f24f-7be0-9278-efd9325b1535'), task_id='inserir_tblsandbox', dag_id='trigger_process_json', run_id='manual__2025-11-27T14:48:57.640242+00:00', try_number=1, map_index=-1, hostname='6c01ba696107', context_carrier={}, task=<Task(_PythonDecoratedOperator): inserir_tblsandbox>, bundle_instance=LocalDagBundle(name=dags-folder), max_tries=0, start_date=datetime.datetime(2025, 11, 27, 14, 49, 5, 610441, tzinfo=TzInfo(UTC)), end_date=None, state=<TaskInstanceState.RUNNING: 'running'>, is_mapped=False, rendered_map_index=None)","logger":"task"}
