{"timestamp":"2025-11-27T00:54:01.652017","level":"info","event":"Filling up the DagBag from /opt/airflow/dags/trigger_step2.py","logger":"airflow.models.dagbag.DagBag"}
{"timestamp":"2025-11-27T00:54:01.722204","level":"error","event":"Failed to import: /opt/airflow/dags/trigger_step2.py","logger":"airflow.models.dagbag.DagBag","error_detail":[{"exc_type":"ImportError","exc_value":"cannot import name 'days_ago' from 'airflow.utils.dates' (/home/airflow/.local/lib/python3.12/site-packages/airflow/utils/dates.py)","exc_notes":[],"syntax_error":null,"is_cause":false,"frames":[{"filename":"/home/airflow/.local/lib/python3.12/site-packages/airflow/models/dagbag.py","lineno":382,"name":"parse"},{"filename":"<frozen importlib._bootstrap_external>","lineno":999,"name":"exec_module"},{"filename":"<frozen importlib._bootstrap>","lineno":488,"name":"_call_with_frames_removed"},{"filename":"/opt/airflow/dags/trigger_step2.py","lineno":3,"name":"<module>"}]}]}
{"timestamp":"2025-11-27T00:54:34.207765","level":"info","event":"Filling up the DagBag from /opt/airflow/dags/trigger_step2.py","logger":"airflow.models.dagbag.DagBag"}
{"timestamp":"2025-11-27T00:54:34.243939","level":"error","event":"Failed to import: /opt/airflow/dags/trigger_step2.py","logger":"airflow.models.dagbag.DagBag","error_detail":[{"exc_type":"ImportError","exc_value":"cannot import name 'days_ago' from 'airflow.utils.dates' (/home/airflow/.local/lib/python3.12/site-packages/airflow/utils/dates.py)","exc_notes":[],"syntax_error":null,"is_cause":false,"frames":[{"filename":"/home/airflow/.local/lib/python3.12/site-packages/airflow/models/dagbag.py","lineno":382,"name":"parse"},{"filename":"<frozen importlib._bootstrap_external>","lineno":999,"name":"exec_module"},{"filename":"<frozen importlib._bootstrap>","lineno":488,"name":"_call_with_frames_removed"},{"filename":"/opt/airflow/dags/trigger_step2.py","lineno":3,"name":"<module>"}]}]}
{"timestamp":"2025-11-27T00:55:04.440286","level":"info","event":"Filling up the DagBag from /opt/airflow/dags/trigger_step2.py","logger":"airflow.models.dagbag.DagBag"}
{"timestamp":"2025-11-27T00:55:04.458052","level":"error","event":"Failed to import: /opt/airflow/dags/trigger_step2.py","logger":"airflow.models.dagbag.DagBag","error_detail":[{"exc_type":"ImportError","exc_value":"cannot import name 'days_ago' from 'airflow.utils.dates' (/home/airflow/.local/lib/python3.12/site-packages/airflow/utils/dates.py)","exc_notes":[],"syntax_error":null,"is_cause":false,"frames":[{"filename":"/home/airflow/.local/lib/python3.12/site-packages/airflow/models/dagbag.py","lineno":382,"name":"parse"},{"filename":"<frozen importlib._bootstrap_external>","lineno":999,"name":"exec_module"},{"filename":"<frozen importlib._bootstrap>","lineno":488,"name":"_call_with_frames_removed"},{"filename":"/opt/airflow/dags/trigger_step2.py","lineno":3,"name":"<module>"}]}]}
{"timestamp":"2025-11-27T00:55:25.299112","level":"info","event":"Filling up the DagBag from /opt/airflow/dags/trigger_step2.py","logger":"airflow.models.dagbag.DagBag"}
{"timestamp":"2025-11-27T00:55:25.322429","level":"error","event":"Failed to import: /opt/airflow/dags/trigger_step2.py","logger":"airflow.models.dagbag.DagBag","error_detail":[{"exc_type":"ImportError","exc_value":"cannot import name 'days_ago' from 'airflow.utils.dates' (/home/airflow/.local/lib/python3.12/site-packages/airflow/utils/dates.py)","exc_notes":[],"syntax_error":null,"is_cause":false,"frames":[{"filename":"/home/airflow/.local/lib/python3.12/site-packages/airflow/models/dagbag.py","lineno":382,"name":"parse"},{"filename":"<frozen importlib._bootstrap_external>","lineno":999,"name":"exec_module"},{"filename":"<frozen importlib._bootstrap>","lineno":488,"name":"_call_with_frames_removed"},{"filename":"/opt/airflow/dags/trigger_step2.py","lineno":3,"name":"<module>"}]}]}
{"timestamp":"2025-11-27T00:55:55.858232","level":"info","event":"Filling up the DagBag from /opt/airflow/dags/trigger_step2.py","logger":"airflow.models.dagbag.DagBag"}
{"timestamp":"2025-11-27T00:55:55.873978","level":"error","event":"Failed to import: /opt/airflow/dags/trigger_step2.py","logger":"airflow.models.dagbag.DagBag","error_detail":[{"exc_type":"ImportError","exc_value":"cannot import name 'days_ago' from 'airflow.utils.dates' (/home/airflow/.local/lib/python3.12/site-packages/airflow/utils/dates.py)","exc_notes":[],"syntax_error":null,"is_cause":false,"frames":[{"filename":"/home/airflow/.local/lib/python3.12/site-packages/airflow/models/dagbag.py","lineno":382,"name":"parse"},{"filename":"<frozen importlib._bootstrap_external>","lineno":999,"name":"exec_module"},{"filename":"<frozen importlib._bootstrap>","lineno":488,"name":"_call_with_frames_removed"},{"filename":"/opt/airflow/dags/trigger_step2.py","lineno":3,"name":"<module>"}]}]}
{"timestamp":"2025-11-27T00:56:26.691731","level":"info","event":"Filling up the DagBag from /opt/airflow/dags/trigger_step2.py","logger":"airflow.models.dagbag.DagBag"}
{"timestamp":"2025-11-27T00:56:26.707937","level":"error","event":"Failed to import: /opt/airflow/dags/trigger_step2.py","logger":"airflow.models.dagbag.DagBag","error_detail":[{"exc_type":"ImportError","exc_value":"cannot import name 'days_ago' from 'airflow.utils.dates' (/home/airflow/.local/lib/python3.12/site-packages/airflow/utils/dates.py)","exc_notes":[],"syntax_error":null,"is_cause":false,"frames":[{"filename":"/home/airflow/.local/lib/python3.12/site-packages/airflow/models/dagbag.py","lineno":382,"name":"parse"},{"filename":"<frozen importlib._bootstrap_external>","lineno":999,"name":"exec_module"},{"filename":"<frozen importlib._bootstrap>","lineno":488,"name":"_call_with_frames_removed"},{"filename":"/opt/airflow/dags/trigger_step2.py","lineno":3,"name":"<module>"}]}]}
{"timestamp":"2025-11-27T00:56:53.512375","level":"info","event":"Filling up the DagBag from /opt/airflow/dags/trigger_step2.py","logger":"airflow.models.dagbag.DagBag"}
{"timestamp":"2025-11-27T00:56:55.222851","level":"info","event":"Filling up the DagBag from /opt/airflow/dags/trigger_step2.py","logger":"airflow.models.dagbag.DagBag"}
{"timestamp":"2025-11-27T00:56:55.933521","level":"info","event":"Filling up the DagBag from /opt/airflow/dags/trigger_step2.py","logger":"airflow.models.dagbag.DagBag"}
{"timestamp":"2025-11-27T00:56:56.641562","level":"info","event":"Filling up the DagBag from /opt/airflow/dags/trigger_step2.py","logger":"airflow.models.dagbag.DagBag"}
{"timestamp":"2025-11-27T00:57:28.251357","level":"info","event":"Filling up the DagBag from /opt/airflow/dags/trigger_step2.py","logger":"airflow.models.dagbag.DagBag"}
{"timestamp":"2025-11-27T00:57:59.661029","level":"info","event":"Filling up the DagBag from /opt/airflow/dags/trigger_step2.py","logger":"airflow.models.dagbag.DagBag"}
{"timestamp":"2025-11-27T00:58:30.150122","level":"info","event":"Filling up the DagBag from /opt/airflow/dags/trigger_step2.py","logger":"airflow.models.dagbag.DagBag"}
{"timestamp":"2025-11-27T00:59:01.277672","level":"info","event":"Filling up the DagBag from /opt/airflow/dags/trigger_step2.py","logger":"airflow.models.dagbag.DagBag"}
{"timestamp":"2025-11-27T00:59:32.219801","level":"info","event":"Filling up the DagBag from /opt/airflow/dags/trigger_step2.py","logger":"airflow.models.dagbag.DagBag"}
{"timestamp":"2025-11-27T01:00:03.065785","level":"info","event":"Filling up the DagBag from /opt/airflow/dags/trigger_step2.py","logger":"airflow.models.dagbag.DagBag"}
{"timestamp":"2025-11-27T01:00:34.123158","level":"info","event":"Filling up the DagBag from /opt/airflow/dags/trigger_step2.py","logger":"airflow.models.dagbag.DagBag"}
{"timestamp":"2025-11-27T01:01:04.990322","level":"info","event":"Filling up the DagBag from /opt/airflow/dags/trigger_step2.py","logger":"airflow.models.dagbag.DagBag"}
{"timestamp":"2025-11-27T01:01:35.973459","level":"info","event":"Filling up the DagBag from /opt/airflow/dags/trigger_step2.py","logger":"airflow.models.dagbag.DagBag"}
{"timestamp":"2025-11-27T01:02:07.192850","level":"info","event":"Filling up the DagBag from /opt/airflow/dags/trigger_step2.py","logger":"airflow.models.dagbag.DagBag"}
{"timestamp":"2025-11-27T01:02:38.555832","level":"info","event":"Filling up the DagBag from /opt/airflow/dags/trigger_step2.py","logger":"airflow.models.dagbag.DagBag"}
{"timestamp":"2025-11-27T01:03:09.623957","level":"info","event":"Filling up the DagBag from /opt/airflow/dags/trigger_step2.py","logger":"airflow.models.dagbag.DagBag"}
{"timestamp":"2025-11-27T01:03:40.464874","level":"info","event":"Filling up the DagBag from /opt/airflow/dags/trigger_step2.py","logger":"airflow.models.dagbag.DagBag"}
{"timestamp":"2025-11-27T01:04:11.687057","level":"info","event":"Filling up the DagBag from /opt/airflow/dags/trigger_step2.py","logger":"airflow.models.dagbag.DagBag"}
{"timestamp":"2025-11-27T01:04:42.976902","level":"info","event":"Filling up the DagBag from /opt/airflow/dags/trigger_step2.py","logger":"airflow.models.dagbag.DagBag"}
{"timestamp":"2025-11-27T01:05:14.258259","level":"info","event":"Filling up the DagBag from /opt/airflow/dags/trigger_step2.py","logger":"airflow.models.dagbag.DagBag"}
{"timestamp":"2025-11-27T01:05:45.218042","level":"info","event":"Filling up the DagBag from /opt/airflow/dags/trigger_step2.py","logger":"airflow.models.dagbag.DagBag"}
{"timestamp":"2025-11-27T01:06:16.136572","level":"info","event":"Filling up the DagBag from /opt/airflow/dags/trigger_step2.py","logger":"airflow.models.dagbag.DagBag"}
{"timestamp":"2025-11-27T01:06:47.450957","level":"info","event":"Filling up the DagBag from /opt/airflow/dags/trigger_step2.py","logger":"airflow.models.dagbag.DagBag"}
{"timestamp":"2025-11-27T01:07:18.877447","level":"info","event":"Filling up the DagBag from /opt/airflow/dags/trigger_step2.py","logger":"airflow.models.dagbag.DagBag"}
{"timestamp":"2025-11-27T01:07:49.918568","level":"info","event":"Filling up the DagBag from /opt/airflow/dags/trigger_step2.py","logger":"airflow.models.dagbag.DagBag"}
{"timestamp":"2025-11-27T01:08:20.597673","level":"info","event":"Filling up the DagBag from /opt/airflow/dags/trigger_step2.py","logger":"airflow.models.dagbag.DagBag"}
{"timestamp":"2025-11-27T01:08:52.439143","level":"info","event":"Filling up the DagBag from /opt/airflow/dags/trigger_step2.py","logger":"airflow.models.dagbag.DagBag"}
{"timestamp":"2025-11-27T01:09:23.708987","level":"info","event":"Filling up the DagBag from /opt/airflow/dags/trigger_step2.py","logger":"airflow.models.dagbag.DagBag"}
{"timestamp":"2025-11-27T01:11:26.870460","level":"info","event":"Filling up the DagBag from /opt/airflow/dags/trigger_step2.py","logger":"airflow.models.dagbag.DagBag"}
{"timestamp":"2025-11-27T01:12:00.794060","level":"info","event":"Filling up the DagBag from /opt/airflow/dags/trigger_step2.py","logger":"airflow.models.dagbag.DagBag"}
{"timestamp":"2025-11-27T01:12:32.780014","level":"info","event":"Filling up the DagBag from /opt/airflow/dags/trigger_step2.py","logger":"airflow.models.dagbag.DagBag"}
{"timestamp":"2025-11-27T01:13:03.920395","level":"info","event":"Filling up the DagBag from /opt/airflow/dags/trigger_step2.py","logger":"airflow.models.dagbag.DagBag"}
{"timestamp":"2025-11-27T01:13:34.853799","level":"info","event":"Filling up the DagBag from /opt/airflow/dags/trigger_step2.py","logger":"airflow.models.dagbag.DagBag"}
{"timestamp":"2025-11-27T01:14:05.859738","level":"info","event":"Filling up the DagBag from /opt/airflow/dags/trigger_step2.py","logger":"airflow.models.dagbag.DagBag"}
{"timestamp":"2025-11-27T01:14:36.786618","level":"info","event":"Filling up the DagBag from /opt/airflow/dags/trigger_step2.py","logger":"airflow.models.dagbag.DagBag"}
{"timestamp":"2025-11-27T01:15:07.988150","level":"info","event":"Filling up the DagBag from /opt/airflow/dags/trigger_step2.py","logger":"airflow.models.dagbag.DagBag"}
{"timestamp":"2025-11-27T01:15:39.195979","level":"info","event":"Filling up the DagBag from /opt/airflow/dags/trigger_step2.py","logger":"airflow.models.dagbag.DagBag"}
{"timestamp":"2025-11-27T01:16:10.193844","level":"info","event":"Filling up the DagBag from /opt/airflow/dags/trigger_step2.py","logger":"airflow.models.dagbag.DagBag"}
{"timestamp":"2025-11-27T01:16:41.143065","level":"info","event":"Filling up the DagBag from /opt/airflow/dags/trigger_step2.py","logger":"airflow.models.dagbag.DagBag"}
{"timestamp":"2025-11-27T01:17:12.052643","level":"info","event":"Filling up the DagBag from /opt/airflow/dags/trigger_step2.py","logger":"airflow.models.dagbag.DagBag"}
{"timestamp":"2025-11-27T01:17:42.957035","level":"info","event":"Filling up the DagBag from /opt/airflow/dags/trigger_step2.py","logger":"airflow.models.dagbag.DagBag"}
{"timestamp":"2025-11-27T01:18:13.908837","level":"info","event":"Filling up the DagBag from /opt/airflow/dags/trigger_step2.py","logger":"airflow.models.dagbag.DagBag"}
{"timestamp":"2025-11-27T01:18:44.959721","level":"info","event":"Filling up the DagBag from /opt/airflow/dags/trigger_step2.py","logger":"airflow.models.dagbag.DagBag"}
{"timestamp":"2025-11-27T01:19:15.953587","level":"info","event":"Filling up the DagBag from /opt/airflow/dags/trigger_step2.py","logger":"airflow.models.dagbag.DagBag"}
{"timestamp":"2025-11-27T01:19:46.824624","level":"info","event":"Filling up the DagBag from /opt/airflow/dags/trigger_step2.py","logger":"airflow.models.dagbag.DagBag"}
{"timestamp":"2025-11-27T01:20:17.740502","level":"info","event":"Filling up the DagBag from /opt/airflow/dags/trigger_step2.py","logger":"airflow.models.dagbag.DagBag"}
{"timestamp":"2025-11-27T01:20:48.551124","level":"info","event":"Filling up the DagBag from /opt/airflow/dags/trigger_step2.py","logger":"airflow.models.dagbag.DagBag"}
{"timestamp":"2025-11-27T01:21:19.412441","level":"info","event":"Filling up the DagBag from /opt/airflow/dags/trigger_step2.py","logger":"airflow.models.dagbag.DagBag"}
{"timestamp":"2025-11-27T01:21:50.282855","level":"info","event":"Filling up the DagBag from /opt/airflow/dags/trigger_step2.py","logger":"airflow.models.dagbag.DagBag"}
{"timestamp":"2025-11-27T01:22:21.110478","level":"info","event":"Filling up the DagBag from /opt/airflow/dags/trigger_step2.py","logger":"airflow.models.dagbag.DagBag"}
{"timestamp":"2025-11-27T01:22:52.029631","level":"info","event":"Filling up the DagBag from /opt/airflow/dags/trigger_step2.py","logger":"airflow.models.dagbag.DagBag"}
{"timestamp":"2025-11-27T01:24:06.135821","level":"info","event":"Filling up the DagBag from /opt/airflow/dags/trigger_step2.py","logger":"airflow.models.dagbag.DagBag"}
{"timestamp":"2025-11-27T01:24:40.776653","level":"info","event":"Filling up the DagBag from /opt/airflow/dags/trigger_step2.py","logger":"airflow.models.dagbag.DagBag"}
{"timestamp":"2025-11-27T01:25:12.178501","level":"info","event":"Filling up the DagBag from /opt/airflow/dags/trigger_step2.py","logger":"airflow.models.dagbag.DagBag"}
{"timestamp":"2025-11-27T01:25:43.866038","level":"info","event":"Filling up the DagBag from /opt/airflow/dags/trigger_step2.py","logger":"airflow.models.dagbag.DagBag"}
{"timestamp":"2025-11-27T01:26:14.849607","level":"info","event":"Filling up the DagBag from /opt/airflow/dags/trigger_step2.py","logger":"airflow.models.dagbag.DagBag"}
{"timestamp":"2025-11-27T01:26:46.396216","level":"info","event":"Filling up the DagBag from /opt/airflow/dags/trigger_step2.py","logger":"airflow.models.dagbag.DagBag"}
{"timestamp":"2025-11-27T01:27:17.356403","level":"info","event":"Filling up the DagBag from /opt/airflow/dags/trigger_step2.py","logger":"airflow.models.dagbag.DagBag"}
{"timestamp":"2025-11-27T01:27:48.337202","level":"info","event":"Filling up the DagBag from /opt/airflow/dags/trigger_step2.py","logger":"airflow.models.dagbag.DagBag"}
{"timestamp":"2025-11-27T01:28:19.219350","level":"info","event":"Filling up the DagBag from /opt/airflow/dags/trigger_step2.py","logger":"airflow.models.dagbag.DagBag"}
{"timestamp":"2025-11-27T01:28:50.184854","level":"info","event":"Filling up the DagBag from /opt/airflow/dags/trigger_step2.py","logger":"airflow.models.dagbag.DagBag"}
{"timestamp":"2025-11-27T01:29:21.206963","level":"info","event":"Filling up the DagBag from /opt/airflow/dags/trigger_step2.py","logger":"airflow.models.dagbag.DagBag"}
{"timestamp":"2025-11-27T01:29:52.055739","level":"info","event":"Filling up the DagBag from /opt/airflow/dags/trigger_step2.py","logger":"airflow.models.dagbag.DagBag"}
{"timestamp":"2025-11-27T01:30:23.434107","level":"info","event":"Filling up the DagBag from /opt/airflow/dags/trigger_step2.py","logger":"airflow.models.dagbag.DagBag"}
{"timestamp":"2025-11-27T01:30:54.419787","level":"info","event":"Filling up the DagBag from /opt/airflow/dags/trigger_step2.py","logger":"airflow.models.dagbag.DagBag"}
{"timestamp":"2025-11-27T01:31:25.582010","level":"info","event":"Filling up the DagBag from /opt/airflow/dags/trigger_step2.py","logger":"airflow.models.dagbag.DagBag"}
{"timestamp":"2025-11-27T01:31:56.922249","level":"info","event":"Filling up the DagBag from /opt/airflow/dags/trigger_step2.py","logger":"airflow.models.dagbag.DagBag"}
{"timestamp":"2025-11-27T01:32:28.051837","level":"info","event":"Filling up the DagBag from /opt/airflow/dags/trigger_step2.py","logger":"airflow.models.dagbag.DagBag"}
{"timestamp":"2025-11-27T01:32:59.162168","level":"info","event":"Filling up the DagBag from /opt/airflow/dags/trigger_step2.py","logger":"airflow.models.dagbag.DagBag"}
{"timestamp":"2025-11-27T01:33:30.137268","level":"info","event":"Filling up the DagBag from /opt/airflow/dags/trigger_step2.py","logger":"airflow.models.dagbag.DagBag"}
{"timestamp":"2025-11-27T01:34:01.101325","level":"info","event":"Filling up the DagBag from /opt/airflow/dags/trigger_step2.py","logger":"airflow.models.dagbag.DagBag"}
{"timestamp":"2025-11-27T01:34:31.977239","level":"info","event":"Filling up the DagBag from /opt/airflow/dags/trigger_step2.py","logger":"airflow.models.dagbag.DagBag"}
{"timestamp":"2025-11-27T01:35:02.778287","level":"info","event":"Filling up the DagBag from /opt/airflow/dags/trigger_step2.py","logger":"airflow.models.dagbag.DagBag"}
{"timestamp":"2025-11-27T01:35:33.813333","level":"info","event":"Filling up the DagBag from /opt/airflow/dags/trigger_step2.py","logger":"airflow.models.dagbag.DagBag"}
{"timestamp":"2025-11-27T01:36:06.035407","level":"info","event":"Filling up the DagBag from /opt/airflow/dags/trigger_step2.py","logger":"airflow.models.dagbag.DagBag"}
{"timestamp":"2025-11-27T01:36:37.444937","level":"info","event":"Filling up the DagBag from /opt/airflow/dags/trigger_step2.py","logger":"airflow.models.dagbag.DagBag"}
{"timestamp":"2025-11-27T01:37:08.482283","level":"info","event":"Filling up the DagBag from /opt/airflow/dags/trigger_step2.py","logger":"airflow.models.dagbag.DagBag"}
{"timestamp":"2025-11-27T01:37:39.583841","level":"info","event":"Filling up the DagBag from /opt/airflow/dags/trigger_step2.py","logger":"airflow.models.dagbag.DagBag"}
{"timestamp":"2025-11-27T01:38:10.467383","level":"info","event":"Filling up the DagBag from /opt/airflow/dags/trigger_step2.py","logger":"airflow.models.dagbag.DagBag"}
{"timestamp":"2025-11-27T01:38:41.322968","level":"info","event":"Filling up the DagBag from /opt/airflow/dags/trigger_step2.py","logger":"airflow.models.dagbag.DagBag"}
{"timestamp":"2025-11-27T01:39:12.157144","level":"info","event":"Filling up the DagBag from /opt/airflow/dags/trigger_step2.py","logger":"airflow.models.dagbag.DagBag"}
{"timestamp":"2025-11-27T01:39:43.035466","level":"info","event":"Filling up the DagBag from /opt/airflow/dags/trigger_step2.py","logger":"airflow.models.dagbag.DagBag"}
{"timestamp":"2025-11-27T01:40:14.163309","level":"info","event":"Filling up the DagBag from /opt/airflow/dags/trigger_step2.py","logger":"airflow.models.dagbag.DagBag"}
{"timestamp":"2025-11-27T01:40:45.169198","level":"info","event":"Filling up the DagBag from /opt/airflow/dags/trigger_step2.py","logger":"airflow.models.dagbag.DagBag"}
{"timestamp":"2025-11-27T01:41:16.314093","level":"info","event":"Filling up the DagBag from /opt/airflow/dags/trigger_step2.py","logger":"airflow.models.dagbag.DagBag"}
{"timestamp":"2025-11-27T01:41:47.191484","level":"info","event":"Filling up the DagBag from /opt/airflow/dags/trigger_step2.py","logger":"airflow.models.dagbag.DagBag"}
{"timestamp":"2025-11-27T01:42:18.103952","level":"info","event":"Filling up the DagBag from /opt/airflow/dags/trigger_step2.py","logger":"airflow.models.dagbag.DagBag"}
{"timestamp":"2025-11-27T01:42:49.194032","level":"info","event":"Filling up the DagBag from /opt/airflow/dags/trigger_step2.py","logger":"airflow.models.dagbag.DagBag"}
{"timestamp":"2025-11-27T01:43:12.984800","level":"info","event":"Filling up the DagBag from /opt/airflow/dags/trigger_step2.py","logger":"airflow.models.dagbag.DagBag"}
{"timestamp":"2025-11-27T01:43:13.009801","level":"error","event":"Failed to import: /opt/airflow/dags/trigger_step2.py","logger":"airflow.models.dagbag.DagBag","error_detail":[{"exc_type":"ImportError","exc_value":"cannot import name 'get_current_context' from 'airflow.utils.context' (/home/airflow/.local/lib/python3.12/site-packages/airflow/utils/context.py)","exc_notes":[],"syntax_error":null,"is_cause":false,"frames":[{"filename":"/home/airflow/.local/lib/python3.12/site-packages/airflow/models/dagbag.py","lineno":382,"name":"parse"},{"filename":"<frozen importlib._bootstrap_external>","lineno":999,"name":"exec_module"},{"filename":"<frozen importlib._bootstrap>","lineno":488,"name":"_call_with_frames_removed"},{"filename":"/opt/airflow/dags/trigger_step2.py","lineno":3,"name":"<module>"}]}]}
{"timestamp":"2025-11-27T01:43:14.088872","level":"info","event":"Filling up the DagBag from /opt/airflow/dags/trigger_step2.py","logger":"airflow.models.dagbag.DagBag"}
{"timestamp":"2025-11-27T01:43:14.113388","level":"error","event":"Failed to import: /opt/airflow/dags/trigger_step2.py","logger":"airflow.models.dagbag.DagBag","error_detail":[{"exc_type":"ImportError","exc_value":"cannot import name 'get_current_context' from 'airflow.utils.context' (/home/airflow/.local/lib/python3.12/site-packages/airflow/utils/context.py)","exc_notes":[],"syntax_error":null,"is_cause":false,"frames":[{"filename":"/home/airflow/.local/lib/python3.12/site-packages/airflow/models/dagbag.py","lineno":382,"name":"parse"},{"filename":"<frozen importlib._bootstrap_external>","lineno":999,"name":"exec_module"},{"filename":"<frozen importlib._bootstrap>","lineno":488,"name":"_call_with_frames_removed"},{"filename":"/opt/airflow/dags/trigger_step2.py","lineno":3,"name":"<module>"}]}]}
{"timestamp":"2025-11-27T01:43:45.005334","level":"info","event":"Filling up the DagBag from /opt/airflow/dags/trigger_step2.py","logger":"airflow.models.dagbag.DagBag"}
{"timestamp":"2025-11-27T01:43:45.028985","level":"error","event":"Failed to import: /opt/airflow/dags/trigger_step2.py","logger":"airflow.models.dagbag.DagBag","error_detail":[{"exc_type":"ImportError","exc_value":"cannot import name 'get_current_context' from 'airflow.utils.context' (/home/airflow/.local/lib/python3.12/site-packages/airflow/utils/context.py)","exc_notes":[],"syntax_error":null,"is_cause":false,"frames":[{"filename":"/home/airflow/.local/lib/python3.12/site-packages/airflow/models/dagbag.py","lineno":382,"name":"parse"},{"filename":"<frozen importlib._bootstrap_external>","lineno":999,"name":"exec_module"},{"filename":"<frozen importlib._bootstrap>","lineno":488,"name":"_call_with_frames_removed"},{"filename":"/opt/airflow/dags/trigger_step2.py","lineno":3,"name":"<module>"}]}]}
{"timestamp":"2025-11-27T01:44:15.851779","level":"info","event":"Filling up the DagBag from /opt/airflow/dags/trigger_step2.py","logger":"airflow.models.dagbag.DagBag"}
{"timestamp":"2025-11-27T01:44:15.867041","level":"error","event":"Failed to import: /opt/airflow/dags/trigger_step2.py","logger":"airflow.models.dagbag.DagBag","error_detail":[{"exc_type":"ImportError","exc_value":"cannot import name 'get_current_context' from 'airflow.utils.context' (/home/airflow/.local/lib/python3.12/site-packages/airflow/utils/context.py)","exc_notes":[],"syntax_error":null,"is_cause":false,"frames":[{"filename":"/home/airflow/.local/lib/python3.12/site-packages/airflow/models/dagbag.py","lineno":382,"name":"parse"},{"filename":"<frozen importlib._bootstrap_external>","lineno":999,"name":"exec_module"},{"filename":"<frozen importlib._bootstrap>","lineno":488,"name":"_call_with_frames_removed"},{"filename":"/opt/airflow/dags/trigger_step2.py","lineno":3,"name":"<module>"}]}]}
{"timestamp":"2025-11-27T01:44:46.754000","level":"info","event":"Filling up the DagBag from /opt/airflow/dags/trigger_step2.py","logger":"airflow.models.dagbag.DagBag"}
{"timestamp":"2025-11-27T01:44:46.770307","level":"error","event":"Failed to import: /opt/airflow/dags/trigger_step2.py","logger":"airflow.models.dagbag.DagBag","error_detail":[{"exc_type":"ImportError","exc_value":"cannot import name 'get_current_context' from 'airflow.utils.context' (/home/airflow/.local/lib/python3.12/site-packages/airflow/utils/context.py)","exc_notes":[],"syntax_error":null,"is_cause":false,"frames":[{"filename":"/home/airflow/.local/lib/python3.12/site-packages/airflow/models/dagbag.py","lineno":382,"name":"parse"},{"filename":"<frozen importlib._bootstrap_external>","lineno":999,"name":"exec_module"},{"filename":"<frozen importlib._bootstrap>","lineno":488,"name":"_call_with_frames_removed"},{"filename":"/opt/airflow/dags/trigger_step2.py","lineno":3,"name":"<module>"}]}]}
{"timestamp":"2025-11-27T01:45:16.887452","level":"info","event":"Filling up the DagBag from /opt/airflow/dags/trigger_step2.py","logger":"airflow.models.dagbag.DagBag"}
{"timestamp":"2025-11-27T01:45:16.905081","level":"error","event":"Failed to import: /opt/airflow/dags/trigger_step2.py","logger":"airflow.models.dagbag.DagBag","error_detail":[{"exc_type":"ImportError","exc_value":"cannot import name 'get_current_context' from 'airflow.utils.context' (/home/airflow/.local/lib/python3.12/site-packages/airflow/utils/context.py)","exc_notes":[],"syntax_error":null,"is_cause":false,"frames":[{"filename":"/home/airflow/.local/lib/python3.12/site-packages/airflow/models/dagbag.py","lineno":382,"name":"parse"},{"filename":"<frozen importlib._bootstrap_external>","lineno":999,"name":"exec_module"},{"filename":"<frozen importlib._bootstrap>","lineno":488,"name":"_call_with_frames_removed"},{"filename":"/opt/airflow/dags/trigger_step2.py","lineno":3,"name":"<module>"}]}]}
{"timestamp":"2025-11-27T01:45:44.857047","level":"info","event":"Filling up the DagBag from /opt/airflow/dags/trigger_step2.py","logger":"airflow.models.dagbag.DagBag"}
{"timestamp":"2025-11-27T01:45:44.884400","level":"error","event":"Failed to import: /opt/airflow/dags/trigger_step2.py","logger":"airflow.models.dagbag.DagBag","error_detail":[{"exc_type":"ImportError","exc_value":"cannot import name 'get_current_context' from 'airflow.decorators' (/home/airflow/.local/lib/python3.12/site-packages/airflow/decorators/__init__.py)","exc_notes":[],"syntax_error":null,"is_cause":false,"frames":[{"filename":"/home/airflow/.local/lib/python3.12/site-packages/airflow/models/dagbag.py","lineno":382,"name":"parse"},{"filename":"<frozen importlib._bootstrap_external>","lineno":999,"name":"exec_module"},{"filename":"<frozen importlib._bootstrap>","lineno":488,"name":"_call_with_frames_removed"},{"filename":"/opt/airflow/dags/trigger_step2.py","lineno":2,"name":"<module>"}]}]}
{"timestamp":"2025-11-27T01:45:45.968776","level":"info","event":"Filling up the DagBag from /opt/airflow/dags/trigger_step2.py","logger":"airflow.models.dagbag.DagBag"}
{"timestamp":"2025-11-27T01:45:45.996660","level":"error","event":"Failed to import: /opt/airflow/dags/trigger_step2.py","logger":"airflow.models.dagbag.DagBag","error_detail":[{"exc_type":"ImportError","exc_value":"cannot import name 'get_current_context' from 'airflow.decorators' (/home/airflow/.local/lib/python3.12/site-packages/airflow/decorators/__init__.py)","exc_notes":[],"syntax_error":null,"is_cause":false,"frames":[{"filename":"/home/airflow/.local/lib/python3.12/site-packages/airflow/models/dagbag.py","lineno":382,"name":"parse"},{"filename":"<frozen importlib._bootstrap_external>","lineno":999,"name":"exec_module"},{"filename":"<frozen importlib._bootstrap>","lineno":488,"name":"_call_with_frames_removed"},{"filename":"/opt/airflow/dags/trigger_step2.py","lineno":2,"name":"<module>"}]}]}
{"timestamp":"2025-11-27T01:46:16.853395","level":"info","event":"Filling up the DagBag from /opt/airflow/dags/trigger_step2.py","logger":"airflow.models.dagbag.DagBag"}
{"timestamp":"2025-11-27T01:46:16.873776","level":"error","event":"Failed to import: /opt/airflow/dags/trigger_step2.py","logger":"airflow.models.dagbag.DagBag","error_detail":[{"exc_type":"ImportError","exc_value":"cannot import name 'get_current_context' from 'airflow.decorators' (/home/airflow/.local/lib/python3.12/site-packages/airflow/decorators/__init__.py)","exc_notes":[],"syntax_error":null,"is_cause":false,"frames":[{"filename":"/home/airflow/.local/lib/python3.12/site-packages/airflow/models/dagbag.py","lineno":382,"name":"parse"},{"filename":"<frozen importlib._bootstrap_external>","lineno":999,"name":"exec_module"},{"filename":"<frozen importlib._bootstrap>","lineno":488,"name":"_call_with_frames_removed"},{"filename":"/opt/airflow/dags/trigger_step2.py","lineno":2,"name":"<module>"}]}]}
{"timestamp":"2025-11-27T01:46:20.984060","level":"info","event":"Filling up the DagBag from /opt/airflow/dags/trigger_step2.py","logger":"airflow.models.dagbag.DagBag"}
{"timestamp":"2025-11-27T01:46:22.670075","level":"info","event":"Filling up the DagBag from /opt/airflow/dags/trigger_step2.py","logger":"airflow.models.dagbag.DagBag"}
{"timestamp":"2025-11-27T01:46:54.102551","level":"info","event":"Filling up the DagBag from /opt/airflow/dags/trigger_step2.py","logger":"airflow.models.dagbag.DagBag"}
{"timestamp":"2025-11-27T01:47:25.579678","level":"info","event":"Filling up the DagBag from /opt/airflow/dags/trigger_step2.py","logger":"airflow.models.dagbag.DagBag"}
{"timestamp":"2025-11-27T01:47:57.037745","level":"info","event":"Filling up the DagBag from /opt/airflow/dags/trigger_step2.py","logger":"airflow.models.dagbag.DagBag"}
{"timestamp":"2025-11-27T01:48:28.659806","level":"info","event":"Filling up the DagBag from /opt/airflow/dags/trigger_step2.py","logger":"airflow.models.dagbag.DagBag"}
{"timestamp":"2025-11-27T01:49:00.263721","level":"info","event":"Filling up the DagBag from /opt/airflow/dags/trigger_step2.py","logger":"airflow.models.dagbag.DagBag"}
{"timestamp":"2025-11-27T01:49:31.154392","level":"info","event":"Filling up the DagBag from /opt/airflow/dags/trigger_step2.py","logger":"airflow.models.dagbag.DagBag"}
{"timestamp":"2025-11-27T01:50:02.827907","level":"info","event":"Filling up the DagBag from /opt/airflow/dags/trigger_step2.py","logger":"airflow.models.dagbag.DagBag"}
{"timestamp":"2025-11-27T01:50:34.208083","level":"info","event":"Filling up the DagBag from /opt/airflow/dags/trigger_step2.py","logger":"airflow.models.dagbag.DagBag"}
{"timestamp":"2025-11-27T01:51:05.719681","level":"info","event":"Filling up the DagBag from /opt/airflow/dags/trigger_step2.py","logger":"airflow.models.dagbag.DagBag"}
{"timestamp":"2025-11-27T01:51:37.131844","level":"info","event":"Filling up the DagBag from /opt/airflow/dags/trigger_step2.py","logger":"airflow.models.dagbag.DagBag"}
{"timestamp":"2025-11-27T01:52:08.707001","level":"info","event":"Filling up the DagBag from /opt/airflow/dags/trigger_step2.py","logger":"airflow.models.dagbag.DagBag"}
{"timestamp":"2025-11-27T01:52:40.167459","level":"info","event":"Filling up the DagBag from /opt/airflow/dags/trigger_step2.py","logger":"airflow.models.dagbag.DagBag"}
{"timestamp":"2025-11-27T01:53:11.610044","level":"info","event":"Filling up the DagBag from /opt/airflow/dags/trigger_step2.py","logger":"airflow.models.dagbag.DagBag"}
{"timestamp":"2025-11-27T01:53:43.048569","level":"info","event":"Filling up the DagBag from /opt/airflow/dags/trigger_step2.py","logger":"airflow.models.dagbag.DagBag"}
{"timestamp":"2025-11-27T01:54:14.498955","level":"info","event":"Filling up the DagBag from /opt/airflow/dags/trigger_step2.py","logger":"airflow.models.dagbag.DagBag"}
{"timestamp":"2025-11-27T01:54:45.861195","level":"info","event":"Filling up the DagBag from /opt/airflow/dags/trigger_step2.py","logger":"airflow.models.dagbag.DagBag"}
{"timestamp":"2025-11-27T01:55:17.301812","level":"info","event":"Filling up the DagBag from /opt/airflow/dags/trigger_step2.py","logger":"airflow.models.dagbag.DagBag"}
{"timestamp":"2025-11-27T01:55:43.691042","level":"info","event":"Filling up the DagBag from /opt/airflow/dags/trigger_step2.py","logger":"airflow.models.dagbag.DagBag"}
{"timestamp":"2025-11-27T01:55:44.426615","level":"info","event":"Filling up the DagBag from /opt/airflow/dags/trigger_step2.py","logger":"airflow.models.dagbag.DagBag"}
{"timestamp":"2025-11-27T01:56:15.850873","level":"info","event":"Filling up the DagBag from /opt/airflow/dags/trigger_step2.py","logger":"airflow.models.dagbag.DagBag"}
{"timestamp":"2025-11-27T01:56:47.343862","level":"info","event":"Filling up the DagBag from /opt/airflow/dags/trigger_step2.py","logger":"airflow.models.dagbag.DagBag"}
{"timestamp":"2025-11-27T01:57:18.251698","level":"info","event":"Filling up the DagBag from /opt/airflow/dags/trigger_step2.py","logger":"airflow.models.dagbag.DagBag"}
{"timestamp":"2025-11-27T01:57:48.960087","level":"info","event":"Filling up the DagBag from /opt/airflow/dags/trigger_step2.py","logger":"airflow.models.dagbag.DagBag"}
{"timestamp":"2025-11-27T01:58:20.394576","level":"info","event":"Filling up the DagBag from /opt/airflow/dags/trigger_step2.py","logger":"airflow.models.dagbag.DagBag"}
{"timestamp":"2025-11-27T01:58:51.815814","level":"info","event":"Filling up the DagBag from /opt/airflow/dags/trigger_step2.py","logger":"airflow.models.dagbag.DagBag"}
{"timestamp":"2025-11-27T01:59:23.326048","level":"info","event":"Filling up the DagBag from /opt/airflow/dags/trigger_step2.py","logger":"airflow.models.dagbag.DagBag"}
{"timestamp":"2025-11-27T01:59:54.118533","level":"info","event":"Filling up the DagBag from /opt/airflow/dags/trigger_step2.py","logger":"airflow.models.dagbag.DagBag"}
{"timestamp":"2025-11-27T02:00:25.587649","level":"info","event":"Filling up the DagBag from /opt/airflow/dags/trigger_step2.py","logger":"airflow.models.dagbag.DagBag"}
{"timestamp":"2025-11-27T02:00:57.215765","level":"info","event":"Filling up the DagBag from /opt/airflow/dags/trigger_step2.py","logger":"airflow.models.dagbag.DagBag"}
{"timestamp":"2025-11-27T02:01:28.335483","level":"info","event":"Filling up the DagBag from /opt/airflow/dags/trigger_step2.py","logger":"airflow.models.dagbag.DagBag"}
{"timestamp":"2025-11-27T02:01:59.125587","level":"info","event":"Filling up the DagBag from /opt/airflow/dags/trigger_step2.py","logger":"airflow.models.dagbag.DagBag"}
{"timestamp":"2025-11-27T02:02:30.501617","level":"info","event":"Filling up the DagBag from /opt/airflow/dags/trigger_step2.py","logger":"airflow.models.dagbag.DagBag"}
{"timestamp":"2025-11-27T02:03:01.991552","level":"info","event":"Filling up the DagBag from /opt/airflow/dags/trigger_step2.py","logger":"airflow.models.dagbag.DagBag"}
{"timestamp":"2025-11-27T02:03:33.743624","level":"info","event":"Filling up the DagBag from /opt/airflow/dags/trigger_step2.py","logger":"airflow.models.dagbag.DagBag"}
{"timestamp":"2025-11-27T02:04:04.451254","level":"info","event":"Filling up the DagBag from /opt/airflow/dags/trigger_step2.py","logger":"airflow.models.dagbag.DagBag"}
{"timestamp":"2025-11-27T02:04:35.915962","level":"info","event":"Filling up the DagBag from /opt/airflow/dags/trigger_step2.py","logger":"airflow.models.dagbag.DagBag"}
{"timestamp":"2025-11-27T02:04:57.446353","level":"info","event":"Filling up the DagBag from /opt/airflow/dags/trigger_step2.py","logger":"airflow.models.dagbag.DagBag"}
{"timestamp":"2025-11-27T02:04:58.177041","level":"info","event":"Filling up the DagBag from /opt/airflow/dags/trigger_step2.py","logger":"airflow.models.dagbag.DagBag"}
{"timestamp":"2025-11-27T02:05:29.898018","level":"info","event":"Filling up the DagBag from /opt/airflow/dags/trigger_step2.py","logger":"airflow.models.dagbag.DagBag"}
{"timestamp":"2025-11-27T02:07:11.154660","level":"info","event":"Filling up the DagBag from /opt/airflow/dags/trigger_step2.py","logger":"airflow.models.dagbag.DagBag"}
{"timestamp":"2025-11-27T02:07:44.947637","level":"info","event":"Filling up the DagBag from /opt/airflow/dags/trigger_step2.py","logger":"airflow.models.dagbag.DagBag"}
{"timestamp":"2025-11-27T02:09:08.793477","level":"info","event":"Filling up the DagBag from /opt/airflow/dags/trigger_step2.py","logger":"airflow.models.dagbag.DagBag"}
{"timestamp":"2025-11-27T02:09:40.323933","level":"info","event":"Filling up the DagBag from /opt/airflow/dags/trigger_step2.py","logger":"airflow.models.dagbag.DagBag"}
{"timestamp":"2025-11-27T02:10:11.138075","level":"info","event":"Filling up the DagBag from /opt/airflow/dags/trigger_step2.py","logger":"airflow.models.dagbag.DagBag"}
{"timestamp":"2025-11-27T02:10:42.231485","level":"info","event":"Filling up the DagBag from /opt/airflow/dags/trigger_step2.py","logger":"airflow.models.dagbag.DagBag"}
{"timestamp":"2025-11-27T02:11:13.095184","level":"info","event":"Filling up the DagBag from /opt/airflow/dags/trigger_step2.py","logger":"airflow.models.dagbag.DagBag"}
{"timestamp":"2025-11-27T02:11:44.013907","level":"info","event":"Filling up the DagBag from /opt/airflow/dags/trigger_step2.py","logger":"airflow.models.dagbag.DagBag"}
{"timestamp":"2025-11-27T02:12:14.790766","level":"info","event":"Filling up the DagBag from /opt/airflow/dags/trigger_step2.py","logger":"airflow.models.dagbag.DagBag"}
{"timestamp":"2025-11-27T02:12:45.625557","level":"info","event":"Filling up the DagBag from /opt/airflow/dags/trigger_step2.py","logger":"airflow.models.dagbag.DagBag"}
{"timestamp":"2025-11-27T02:13:16.698321","level":"info","event":"Filling up the DagBag from /opt/airflow/dags/trigger_step2.py","logger":"airflow.models.dagbag.DagBag"}
{"timestamp":"2025-11-27T02:13:47.502721","level":"info","event":"Filling up the DagBag from /opt/airflow/dags/trigger_step2.py","logger":"airflow.models.dagbag.DagBag"}
{"timestamp":"2025-11-27T02:14:18.413893","level":"info","event":"Filling up the DagBag from /opt/airflow/dags/trigger_step2.py","logger":"airflow.models.dagbag.DagBag"}
{"timestamp":"2025-11-27T02:14:49.243775","level":"info","event":"Filling up the DagBag from /opt/airflow/dags/trigger_step2.py","logger":"airflow.models.dagbag.DagBag"}
{"timestamp":"2025-11-27T02:15:20.121126","level":"info","event":"Filling up the DagBag from /opt/airflow/dags/trigger_step2.py","logger":"airflow.models.dagbag.DagBag"}
{"timestamp":"2025-11-27T02:15:51.022156","level":"info","event":"Filling up the DagBag from /opt/airflow/dags/trigger_step2.py","logger":"airflow.models.dagbag.DagBag"}
{"timestamp":"2025-11-27T02:16:21.829115","level":"info","event":"Filling up the DagBag from /opt/airflow/dags/trigger_step2.py","logger":"airflow.models.dagbag.DagBag"}
{"timestamp":"2025-11-27T02:16:52.726774","level":"info","event":"Filling up the DagBag from /opt/airflow/dags/trigger_step2.py","logger":"airflow.models.dagbag.DagBag"}
{"timestamp":"2025-11-27T02:17:23.516823","level":"info","event":"Filling up the DagBag from /opt/airflow/dags/trigger_step2.py","logger":"airflow.models.dagbag.DagBag"}
{"timestamp":"2025-11-27T02:17:54.476284","level":"info","event":"Filling up the DagBag from /opt/airflow/dags/trigger_step2.py","logger":"airflow.models.dagbag.DagBag"}
{"timestamp":"2025-11-27T02:18:25.391845","level":"info","event":"Filling up the DagBag from /opt/airflow/dags/trigger_step2.py","logger":"airflow.models.dagbag.DagBag"}
{"timestamp":"2025-11-27T02:18:56.451875","level":"info","event":"Filling up the DagBag from /opt/airflow/dags/trigger_step2.py","logger":"airflow.models.dagbag.DagBag"}
{"timestamp":"2025-11-27T02:19:27.361855","level":"info","event":"Filling up the DagBag from /opt/airflow/dags/trigger_step2.py","logger":"airflow.models.dagbag.DagBag"}
{"timestamp":"2025-11-27T02:19:58.175992","level":"info","event":"Filling up the DagBag from /opt/airflow/dags/trigger_step2.py","logger":"airflow.models.dagbag.DagBag"}
{"timestamp":"2025-11-27T02:20:29.060283","level":"info","event":"Filling up the DagBag from /opt/airflow/dags/trigger_step2.py","logger":"airflow.models.dagbag.DagBag"}
{"timestamp":"2025-11-27T02:21:00.113668","level":"info","event":"Filling up the DagBag from /opt/airflow/dags/trigger_step2.py","logger":"airflow.models.dagbag.DagBag"}
{"timestamp":"2025-11-27T02:21:31.198235","level":"info","event":"Filling up the DagBag from /opt/airflow/dags/trigger_step2.py","logger":"airflow.models.dagbag.DagBag"}
{"timestamp":"2025-11-27T02:22:02.100905","level":"info","event":"Filling up the DagBag from /opt/airflow/dags/trigger_step2.py","logger":"airflow.models.dagbag.DagBag"}
{"timestamp":"2025-11-27T02:22:33.601220","level":"info","event":"Filling up the DagBag from /opt/airflow/dags/trigger_step2.py","logger":"airflow.models.dagbag.DagBag"}
{"timestamp":"2025-11-27T02:23:04.724313","level":"info","event":"Filling up the DagBag from /opt/airflow/dags/trigger_step2.py","logger":"airflow.models.dagbag.DagBag"}
{"timestamp":"2025-11-27T02:23:35.574488","level":"info","event":"Filling up the DagBag from /opt/airflow/dags/trigger_step2.py","logger":"airflow.models.dagbag.DagBag"}
{"timestamp":"2025-11-27T02:24:06.594080","level":"info","event":"Filling up the DagBag from /opt/airflow/dags/trigger_step2.py","logger":"airflow.models.dagbag.DagBag"}
{"timestamp":"2025-11-27T02:24:37.994591","level":"info","event":"Filling up the DagBag from /opt/airflow/dags/trigger_step2.py","logger":"airflow.models.dagbag.DagBag"}
{"timestamp":"2025-11-27T02:25:08.879381","level":"info","event":"Filling up the DagBag from /opt/airflow/dags/trigger_step2.py","logger":"airflow.models.dagbag.DagBag"}
{"timestamp":"2025-11-27T02:25:39.706704","level":"info","event":"Filling up the DagBag from /opt/airflow/dags/trigger_step2.py","logger":"airflow.models.dagbag.DagBag"}
{"timestamp":"2025-11-27T02:26:10.499408","level":"info","event":"Filling up the DagBag from /opt/airflow/dags/trigger_step2.py","logger":"airflow.models.dagbag.DagBag"}
{"timestamp":"2025-11-27T02:26:41.542051","level":"info","event":"Filling up the DagBag from /opt/airflow/dags/trigger_step2.py","logger":"airflow.models.dagbag.DagBag"}
{"timestamp":"2025-11-27T02:27:12.793773","level":"info","event":"Filling up the DagBag from /opt/airflow/dags/trigger_step2.py","logger":"airflow.models.dagbag.DagBag"}
{"timestamp":"2025-11-27T02:27:43.628360","level":"info","event":"Filling up the DagBag from /opt/airflow/dags/trigger_step2.py","logger":"airflow.models.dagbag.DagBag"}
{"timestamp":"2025-11-27T02:28:14.430694","level":"info","event":"Filling up the DagBag from /opt/airflow/dags/trigger_step2.py","logger":"airflow.models.dagbag.DagBag"}
{"timestamp":"2025-11-27T02:28:45.380800","level":"info","event":"Filling up the DagBag from /opt/airflow/dags/trigger_step2.py","logger":"airflow.models.dagbag.DagBag"}
{"timestamp":"2025-11-27T02:28:50.082496","level":"info","event":"Filling up the DagBag from /opt/airflow/dags/trigger_step2.py","logger":"airflow.models.dagbag.DagBag"}
{"timestamp":"2025-11-27T02:29:21.466084","level":"info","event":"Filling up the DagBag from /opt/airflow/dags/trigger_step2.py","logger":"airflow.models.dagbag.DagBag"}
{"timestamp":"2025-11-27T02:29:52.174819","level":"info","event":"Filling up the DagBag from /opt/airflow/dags/trigger_step2.py","logger":"airflow.models.dagbag.DagBag"}
{"timestamp":"2025-11-27T02:30:23.677894","level":"info","event":"Filling up the DagBag from /opt/airflow/dags/trigger_step2.py","logger":"airflow.models.dagbag.DagBag"}
{"timestamp":"2025-11-27T02:30:55.240734","level":"info","event":"Filling up the DagBag from /opt/airflow/dags/trigger_step2.py","logger":"airflow.models.dagbag.DagBag"}
{"timestamp":"2025-11-27T02:31:26.746943","level":"info","event":"Filling up the DagBag from /opt/airflow/dags/trigger_step2.py","logger":"airflow.models.dagbag.DagBag"}
{"timestamp":"2025-11-27T02:31:58.294439","level":"info","event":"Filling up the DagBag from /opt/airflow/dags/trigger_step2.py","logger":"airflow.models.dagbag.DagBag"}
{"timestamp":"2025-11-27T02:32:24.255186","level":"info","event":"Filling up the DagBag from /opt/airflow/dags/trigger_step2.py","logger":"airflow.models.dagbag.DagBag"}
{"timestamp":"2025-11-27T02:32:25.101414","level":"info","event":"Filling up the DagBag from /opt/airflow/dags/trigger_step2.py","logger":"airflow.models.dagbag.DagBag"}
{"timestamp":"2025-11-27T02:32:56.014076","level":"info","event":"Filling up the DagBag from /opt/airflow/dags/trigger_step2.py","logger":"airflow.models.dagbag.DagBag"}
{"timestamp":"2025-11-27T02:33:02.583285","level":"info","event":"Filling up the DagBag from /opt/airflow/dags/trigger_step2.py","logger":"airflow.models.dagbag.DagBag"}
{"timestamp":"2025-11-27T02:33:24.619141","level":"info","event":"Filling up the DagBag from /opt/airflow/dags/trigger_step2.py","logger":"airflow.models.dagbag.DagBag"}
{"timestamp":"2025-11-27T02:33:56.201457","level":"info","event":"Filling up the DagBag from /opt/airflow/dags/trigger_step2.py","logger":"airflow.models.dagbag.DagBag"}
{"timestamp":"2025-11-27T02:33:57.982877","level":"info","event":"Filling up the DagBag from /opt/airflow/dags/trigger_step2.py","logger":"airflow.models.dagbag.DagBag"}
{"timestamp":"2025-11-27T02:34:29.407176","level":"info","event":"Filling up the DagBag from /opt/airflow/dags/trigger_step2.py","logger":"airflow.models.dagbag.DagBag"}
{"timestamp":"2025-11-27T02:34:35.494378","level":"info","event":"Filling up the DagBag from /opt/airflow/dags/trigger_step2.py","logger":"airflow.models.dagbag.DagBag"}
{"timestamp":"2025-11-27T02:34:37.185468","level":"info","event":"Filling up the DagBag from /opt/airflow/dags/trigger_step2.py","logger":"airflow.models.dagbag.DagBag"}
{"timestamp":"2025-11-27T02:35:08.752760","level":"info","event":"Filling up the DagBag from /opt/airflow/dags/trigger_step2.py","logger":"airflow.models.dagbag.DagBag"}
{"timestamp":"2025-11-27T02:35:40.912692","level":"info","event":"Filling up the DagBag from /opt/airflow/dags/trigger_step2.py","logger":"airflow.models.dagbag.DagBag"}
{"timestamp":"2025-11-27T02:36:12.486308","level":"info","event":"Filling up the DagBag from /opt/airflow/dags/trigger_step2.py","logger":"airflow.models.dagbag.DagBag"}
{"timestamp":"2025-11-27T02:36:44.006729","level":"info","event":"Filling up the DagBag from /opt/airflow/dags/trigger_step2.py","logger":"airflow.models.dagbag.DagBag"}
{"timestamp":"2025-11-27T02:37:14.654946","level":"info","event":"Filling up the DagBag from /opt/airflow/dags/trigger_step2.py","logger":"airflow.models.dagbag.DagBag"}
{"timestamp":"2025-11-27T02:37:46.021510","level":"info","event":"Filling up the DagBag from /opt/airflow/dags/trigger_step2.py","logger":"airflow.models.dagbag.DagBag"}
{"timestamp":"2025-11-27T02:38:17.554789","level":"info","event":"Filling up the DagBag from /opt/airflow/dags/trigger_step2.py","logger":"airflow.models.dagbag.DagBag"}
{"timestamp":"2025-11-27T02:38:49.076367","level":"info","event":"Filling up the DagBag from /opt/airflow/dags/trigger_step2.py","logger":"airflow.models.dagbag.DagBag"}
{"timestamp":"2025-11-27T02:39:20.626681","level":"info","event":"Filling up the DagBag from /opt/airflow/dags/trigger_step2.py","logger":"airflow.models.dagbag.DagBag"}
{"timestamp":"2025-11-27T02:39:51.283676","level":"info","event":"Filling up the DagBag from /opt/airflow/dags/trigger_step2.py","logger":"airflow.models.dagbag.DagBag"}
{"timestamp":"2025-11-27T02:40:22.348678","level":"info","event":"Filling up the DagBag from /opt/airflow/dags/trigger_step2.py","logger":"airflow.models.dagbag.DagBag"}
{"timestamp":"2025-11-27T02:40:53.921834","level":"info","event":"Filling up the DagBag from /opt/airflow/dags/trigger_step2.py","logger":"airflow.models.dagbag.DagBag"}
{"timestamp":"2025-11-27T02:41:24.702284","level":"info","event":"Filling up the DagBag from /opt/airflow/dags/trigger_step2.py","logger":"airflow.models.dagbag.DagBag"}
{"timestamp":"2025-11-27T02:41:56.098926","level":"info","event":"Filling up the DagBag from /opt/airflow/dags/trigger_step2.py","logger":"airflow.models.dagbag.DagBag"}
{"timestamp":"2025-11-27T02:42:26.790746","level":"info","event":"Filling up the DagBag from /opt/airflow/dags/trigger_step2.py","logger":"airflow.models.dagbag.DagBag"}
{"timestamp":"2025-11-27T02:42:43.789065","level":"info","event":"Filling up the DagBag from /opt/airflow/dags/trigger_step2.py","logger":"airflow.models.dagbag.DagBag"}
{"timestamp":"2025-11-27T02:43:15.276439","level":"info","event":"Filling up the DagBag from /opt/airflow/dags/trigger_step2.py","logger":"airflow.models.dagbag.DagBag"}
{"timestamp":"2025-11-27T02:43:18.028997","level":"info","event":"Filling up the DagBag from /opt/airflow/dags/trigger_step2.py","logger":"airflow.models.dagbag.DagBag"}
{"timestamp":"2025-11-27T02:43:49.720918","level":"info","event":"Filling up the DagBag from /opt/airflow/dags/trigger_step2.py","logger":"airflow.models.dagbag.DagBag"}
{"timestamp":"2025-11-27T02:44:21.231968","level":"info","event":"Filling up the DagBag from /opt/airflow/dags/trigger_step2.py","logger":"airflow.models.dagbag.DagBag"}
{"timestamp":"2025-11-27T02:44:52.616221","level":"info","event":"Filling up the DagBag from /opt/airflow/dags/trigger_step2.py","logger":"airflow.models.dagbag.DagBag"}
{"timestamp":"2025-11-27T02:45:24.117344","level":"info","event":"Filling up the DagBag from /opt/airflow/dags/trigger_step2.py","logger":"airflow.models.dagbag.DagBag"}
{"timestamp":"2025-11-27T02:45:55.637642","level":"info","event":"Filling up the DagBag from /opt/airflow/dags/trigger_step2.py","logger":"airflow.models.dagbag.DagBag"}
{"timestamp":"2025-11-27T02:46:27.217398","level":"info","event":"Filling up the DagBag from /opt/airflow/dags/trigger_step2.py","logger":"airflow.models.dagbag.DagBag"}
{"timestamp":"2025-11-27T02:46:58.686515","level":"info","event":"Filling up the DagBag from /opt/airflow/dags/trigger_step2.py","logger":"airflow.models.dagbag.DagBag"}
{"timestamp":"2025-11-27T02:47:12.118713","level":"info","event":"Filling up the DagBag from /opt/airflow/dags/trigger_step2.py","logger":"airflow.models.dagbag.DagBag"}
{"timestamp":"2025-11-27T02:47:43.615221","level":"info","event":"Filling up the DagBag from /opt/airflow/dags/trigger_step2.py","logger":"airflow.models.dagbag.DagBag"}
{"timestamp":"2025-11-27T02:47:46.295893","level":"info","event":"Filling up the DagBag from /opt/airflow/dags/trigger_step2.py","logger":"airflow.models.dagbag.DagBag"}
{"timestamp":"2025-11-27T02:48:17.230877","level":"info","event":"Filling up the DagBag from /opt/airflow/dags/trigger_step2.py","logger":"airflow.models.dagbag.DagBag"}
{"timestamp":"2025-11-27T02:48:48.979832","level":"info","event":"Filling up the DagBag from /opt/airflow/dags/trigger_step2.py","logger":"airflow.models.dagbag.DagBag"}
{"timestamp":"2025-11-27T02:49:20.468461","level":"info","event":"Filling up the DagBag from /opt/airflow/dags/trigger_step2.py","logger":"airflow.models.dagbag.DagBag"}
{"timestamp":"2025-11-27T02:49:52.119099","level":"info","event":"Filling up the DagBag from /opt/airflow/dags/trigger_step2.py","logger":"airflow.models.dagbag.DagBag"}
{"timestamp":"2025-11-27T02:50:23.504592","level":"info","event":"Filling up the DagBag from /opt/airflow/dags/trigger_step2.py","logger":"airflow.models.dagbag.DagBag"}
{"timestamp":"2025-11-27T02:50:54.882062","level":"info","event":"Filling up the DagBag from /opt/airflow/dags/trigger_step2.py","logger":"airflow.models.dagbag.DagBag"}
{"timestamp":"2025-11-27T02:51:26.498904","level":"info","event":"Filling up the DagBag from /opt/airflow/dags/trigger_step2.py","logger":"airflow.models.dagbag.DagBag"}
{"timestamp":"2025-11-27T02:51:58.010440","level":"info","event":"Filling up the DagBag from /opt/airflow/dags/trigger_step2.py","logger":"airflow.models.dagbag.DagBag"}
{"timestamp":"2025-11-27T02:51:59.718635","level":"info","event":"Filling up the DagBag from /opt/airflow/dags/trigger_step2.py","logger":"airflow.models.dagbag.DagBag"}
{"timestamp":"2025-11-27T02:52:30.452593","level":"info","event":"Filling up the DagBag from /opt/airflow/dags/trigger_step2.py","logger":"airflow.models.dagbag.DagBag"}
{"timestamp":"2025-11-27T02:53:01.882631","level":"info","event":"Filling up the DagBag from /opt/airflow/dags/trigger_step2.py","logger":"airflow.models.dagbag.DagBag"}
{"timestamp":"2025-11-27T02:53:33.475654","level":"info","event":"Filling up the DagBag from /opt/airflow/dags/trigger_step2.py","logger":"airflow.models.dagbag.DagBag"}
{"timestamp":"2025-11-27T02:54:04.260890","level":"info","event":"Filling up the DagBag from /opt/airflow/dags/trigger_step2.py","logger":"airflow.models.dagbag.DagBag"}
{"timestamp":"2025-11-27T02:54:14.095939","level":"info","event":"Filling up the DagBag from /opt/airflow/dags/trigger_step2.py","logger":"airflow.models.dagbag.DagBag"}
{"timestamp":"2025-11-27T02:54:45.725679","level":"info","event":"Filling up the DagBag from /opt/airflow/dags/trigger_step2.py","logger":"airflow.models.dagbag.DagBag"}
{"timestamp":"2025-11-27T02:55:17.413956","level":"info","event":"Filling up the DagBag from /opt/airflow/dags/trigger_step2.py","logger":"airflow.models.dagbag.DagBag"}
{"timestamp":"2025-11-27T02:55:27.192242","level":"info","event":"Filling up the DagBag from /opt/airflow/dags/trigger_step2.py","logger":"airflow.models.dagbag.DagBag"}
{"timestamp":"2025-11-27T02:55:30.529067","level":"info","event":"Filling up the DagBag from /opt/airflow/dags/trigger_step2.py","logger":"airflow.models.dagbag.DagBag"}
{"timestamp":"2025-11-27T02:55:31.863184","level":"info","event":"Filling up the DagBag from /opt/airflow/dags/trigger_step2.py","logger":"airflow.models.dagbag.DagBag"}
{"timestamp":"2025-11-27T02:55:47.767805","level":"info","event":"Filling up the DagBag from /opt/airflow/dags/trigger_step2.py","logger":"airflow.models.dagbag.DagBag"}
{"timestamp":"2025-11-27T02:56:18.583636","level":"info","event":"Filling up the DagBag from /opt/airflow/dags/trigger_step2.py","logger":"airflow.models.dagbag.DagBag"}
{"timestamp":"2025-11-27T02:56:49.986074","level":"info","event":"Filling up the DagBag from /opt/airflow/dags/trigger_step2.py","logger":"airflow.models.dagbag.DagBag"}
{"timestamp":"2025-11-27T02:57:08.185661","level":"info","event":"Filling up the DagBag from /opt/airflow/dags/trigger_step2.py","logger":"airflow.models.dagbag.DagBag"}
{"timestamp":"2025-11-27T02:57:39.677442","level":"info","event":"Filling up the DagBag from /opt/airflow/dags/trigger_step2.py","logger":"airflow.models.dagbag.DagBag"}
{"timestamp":"2025-11-27T02:58:11.274804","level":"info","event":"Filling up the DagBag from /opt/airflow/dags/trigger_step2.py","logger":"airflow.models.dagbag.DagBag"}
{"timestamp":"2025-11-27T02:58:42.811321","level":"info","event":"Filling up the DagBag from /opt/airflow/dags/trigger_step2.py","logger":"airflow.models.dagbag.DagBag"}
{"timestamp":"2025-11-27T02:59:14.411384","level":"info","event":"Filling up the DagBag from /opt/airflow/dags/trigger_step2.py","logger":"airflow.models.dagbag.DagBag"}
{"timestamp":"2025-11-27T02:59:46.042625","level":"info","event":"Filling up the DagBag from /opt/airflow/dags/trigger_step2.py","logger":"airflow.models.dagbag.DagBag"}
{"timestamp":"2025-11-27T03:00:17.853153","level":"info","event":"Filling up the DagBag from /opt/airflow/dags/trigger_step2.py","logger":"airflow.models.dagbag.DagBag"}
{"timestamp":"2025-11-27T03:00:49.158627","level":"info","event":"Filling up the DagBag from /opt/airflow/dags/trigger_step2.py","logger":"airflow.models.dagbag.DagBag"}
{"timestamp":"2025-11-27T03:01:18.204520","level":"info","event":"Filling up the DagBag from /opt/airflow/dags/trigger_step2.py","logger":"airflow.models.dagbag.DagBag"}
{"timestamp":"2025-11-27T03:01:50.533380","level":"info","event":"Filling up the DagBag from /opt/airflow/dags/trigger_step2.py","logger":"airflow.models.dagbag.DagBag"}
{"timestamp":"2025-11-27T03:02:21.549201","level":"info","event":"Filling up the DagBag from /opt/airflow/dags/trigger_step2.py","logger":"airflow.models.dagbag.DagBag"}
{"timestamp":"2025-11-27T03:02:52.534676","level":"info","event":"Filling up the DagBag from /opt/airflow/dags/trigger_step2.py","logger":"airflow.models.dagbag.DagBag"}
{"timestamp":"2025-11-27T03:03:23.388815","level":"info","event":"Filling up the DagBag from /opt/airflow/dags/trigger_step2.py","logger":"airflow.models.dagbag.DagBag"}
{"timestamp":"2025-11-27T03:03:54.209805","level":"info","event":"Filling up the DagBag from /opt/airflow/dags/trigger_step2.py","logger":"airflow.models.dagbag.DagBag"}
{"timestamp":"2025-11-27T03:04:25.050706","level":"info","event":"Filling up the DagBag from /opt/airflow/dags/trigger_step2.py","logger":"airflow.models.dagbag.DagBag"}
{"timestamp":"2025-11-27T03:04:45.919707","level":"info","event":"Filling up the DagBag from /opt/airflow/dags/trigger_step2.py","logger":"airflow.models.dagbag.DagBag"}
{"timestamp":"2025-11-27T03:04:57.784012","level":"info","event":"Filling up the DagBag from /opt/airflow/dags/trigger_step2.py","logger":"airflow.models.dagbag.DagBag"}
{"timestamp":"2025-11-27T03:05:28.894044","level":"info","event":"Filling up the DagBag from /opt/airflow/dags/trigger_step2.py","logger":"airflow.models.dagbag.DagBag"}
{"timestamp":"2025-11-27T03:06:00.023972","level":"info","event":"Filling up the DagBag from /opt/airflow/dags/trigger_step2.py","logger":"airflow.models.dagbag.DagBag"}
{"timestamp":"2025-11-27T03:06:31.353609","level":"info","event":"Filling up the DagBag from /opt/airflow/dags/trigger_step2.py","logger":"airflow.models.dagbag.DagBag"}
{"timestamp":"2025-11-27T03:07:02.550040","level":"info","event":"Filling up the DagBag from /opt/airflow/dags/trigger_step2.py","logger":"airflow.models.dagbag.DagBag"}
{"timestamp":"2025-11-27T03:07:33.657065","level":"info","event":"Filling up the DagBag from /opt/airflow/dags/trigger_step2.py","logger":"airflow.models.dagbag.DagBag"}
{"timestamp":"2025-11-27T03:08:05.054661","level":"info","event":"Filling up the DagBag from /opt/airflow/dags/trigger_step2.py","logger":"airflow.models.dagbag.DagBag"}
{"timestamp":"2025-11-27T03:08:36.409826","level":"info","event":"Filling up the DagBag from /opt/airflow/dags/trigger_step2.py","logger":"airflow.models.dagbag.DagBag"}
{"timestamp":"2025-11-27T03:09:07.239017","level":"info","event":"Filling up the DagBag from /opt/airflow/dags/trigger_step2.py","logger":"airflow.models.dagbag.DagBag"}
{"timestamp":"2025-11-27T03:09:38.257290","level":"info","event":"Filling up the DagBag from /opt/airflow/dags/trigger_step2.py","logger":"airflow.models.dagbag.DagBag"}
{"timestamp":"2025-11-27T03:10:09.222035","level":"info","event":"Filling up the DagBag from /opt/airflow/dags/trigger_step2.py","logger":"airflow.models.dagbag.DagBag"}
{"timestamp":"2025-11-27T03:10:40.351128","level":"info","event":"Filling up the DagBag from /opt/airflow/dags/trigger_step2.py","logger":"airflow.models.dagbag.DagBag"}
{"timestamp":"2025-11-27T03:11:11.250889","level":"info","event":"Filling up the DagBag from /opt/airflow/dags/trigger_step2.py","logger":"airflow.models.dagbag.DagBag"}
{"timestamp":"2025-11-27T03:11:41.911566","level":"info","event":"Filling up the DagBag from /opt/airflow/dags/trigger_step2.py","logger":"airflow.models.dagbag.DagBag"}
{"timestamp":"2025-11-27T03:12:13.406276","level":"info","event":"Filling up the DagBag from /opt/airflow/dags/trigger_step2.py","logger":"airflow.models.dagbag.DagBag"}
{"timestamp":"2025-11-27T03:12:43.962788","level":"info","event":"Filling up the DagBag from /opt/airflow/dags/trigger_step2.py","logger":"airflow.models.dagbag.DagBag"}
{"timestamp":"2025-11-27T03:13:14.663158","level":"info","event":"Filling up the DagBag from /opt/airflow/dags/trigger_step2.py","logger":"airflow.models.dagbag.DagBag"}
{"timestamp":"2025-11-27T03:13:45.408337","level":"info","event":"Filling up the DagBag from /opt/airflow/dags/trigger_step2.py","logger":"airflow.models.dagbag.DagBag"}
{"timestamp":"2025-11-27T03:14:15.972382","level":"info","event":"Filling up the DagBag from /opt/airflow/dags/trigger_step2.py","logger":"airflow.models.dagbag.DagBag"}
{"timestamp":"2025-11-27T03:14:46.580425","level":"info","event":"Filling up the DagBag from /opt/airflow/dags/trigger_step2.py","logger":"airflow.models.dagbag.DagBag"}
{"timestamp":"2025-11-27T03:15:17.304472","level":"info","event":"Filling up the DagBag from /opt/airflow/dags/trigger_step2.py","logger":"airflow.models.dagbag.DagBag"}
{"timestamp":"2025-11-27T03:15:47.977682","level":"info","event":"Filling up the DagBag from /opt/airflow/dags/trigger_step2.py","logger":"airflow.models.dagbag.DagBag"}
{"timestamp":"2025-11-27T03:15:49.605781","level":"info","event":"Filling up the DagBag from /opt/airflow/dags/trigger_step2.py","logger":"airflow.models.dagbag.DagBag"}
{"timestamp":"2025-11-27T03:15:51.189803","level":"info","event":"Filling up the DagBag from /opt/airflow/dags/trigger_step2.py","logger":"airflow.models.dagbag.DagBag"}
