{"timestamp":"2025-11-27T03:01:41.628885","level":"info","event":"DAG bundles loaded: dags-folder","logger":"airflow.dag_processing.bundles.manager.DagBundlesManager"}
{"timestamp":"2025-11-27T03:01:41.629280","level":"info","event":"Filling up the DagBag from /opt/airflow/dags/trigger_step2.py","logger":"airflow.models.dagbag.DagBag"}
{"timestamp":"2025-11-27T03:01:42.104117Z","level":"info","event":">>> Insere registro na tabela principal e retorna o ID gerado.","chan":"stdout","logger":"task"}
{"timestamp":"2025-11-27T03:01:42.104708Z","level":"info","event":">>> Inicio  inserir_tblsandbox - Arquivo recebido: Teste_20251126.json","chan":"stdout","logger":"task"}
{"timestamp":"2025-11-27T03:01:42.104983Z","level":"info","event":">>> Conexão com sucesso SnowflakeHook - snowflake_sandboxdata_conn","chan":"stdout","logger":"task"}
{"timestamp":"2025-11-27T03:01:42.087934","level":"info","event":"Secrets backends loaded for worker","count":1,"backend_classes":["EnvironmentVariablesBackend"],"logger":"supervisor"}
{"timestamp":"2025-11-27T03:01:42.104940","level":"info","event":"Connection Retrieved 'snowflake_sandboxdata_conn'","logger":"airflow.hooks.base"}
{"timestamp":"2025-11-27T03:01:42.105288","level":"info","event":"Snowflake Connector for Python Version: 3.15.0, Python Version: 3.12.10, Platform: Linux-5.15.167.4-microsoft-standard-WSL2-x86_64-with-glibc2.36","logger":"snowflake.connector.connection"}
{"timestamp":"2025-11-27T03:01:42.105710","level":"info","event":"Connecting to GLOBAL Snowflake domain","logger":"snowflake.connector.connection"}
{"timestamp":"2025-11-27T03:01:43.077362","level":"info","event":"Running statement: USE DATABASE SANDBOXDATA;, parameters: None","logger":"airflow.task.hooks.airflow.providers.snowflake.hooks.snowflake.SnowflakeHook"}
{"timestamp":"2025-11-27T03:01:43.254525","level":"info","event":"Rows affected: 1","logger":"airflow.task.hooks.airflow.providers.snowflake.hooks.snowflake.SnowflakeHook"}
{"timestamp":"2025-11-27T03:01:43.254664","level":"info","event":"Rows affected: 1","logger":"airflow.task.hooks.airflow.providers.snowflake.hooks.snowflake.SnowflakeHook"}
{"timestamp":"2025-11-27T03:01:43.254732","level":"info","event":"Snowflake query id: 01c0a995-0001-4720-0002-40fa0005995e","logger":"airflow.task.hooks.airflow.providers.snowflake.hooks.snowflake.SnowflakeHook"}
{"timestamp":"2025-11-27T03:01:43.772992","level":"info","event":"Secrets backends loaded for worker","count":1,"backend_classes":["EnvironmentVariablesBackend"],"logger":"supervisor"}
{"timestamp":"2025-11-27T03:01:43.782768","level":"info","event":"Connection Retrieved 'snowflake_sandboxdata_conn'","logger":"airflow.hooks.base"}
{"timestamp":"2025-11-27T03:01:43.783209","level":"info","event":"Snowflake Connector for Python Version: 3.15.0, Python Version: 3.12.10, Platform: Linux-5.15.167.4-microsoft-standard-WSL2-x86_64-with-glibc2.36","logger":"snowflake.connector.connection"}
{"timestamp":"2025-11-27T03:01:43.783605","level":"info","event":"Connecting to GLOBAL Snowflake domain","logger":"snowflake.connector.connection"}
{"timestamp":"2025-11-27T03:01:44.663343","level":"info","event":"Running statement: SELECT SANDBOXDATA.PUBLIC.SEQ_FILES_UID.NEXTVAL;, parameters: None","logger":"airflow.task.hooks.airflow.providers.snowflake.hooks.snowflake.SnowflakeHook"}
{"timestamp":"2025-11-27T03:01:44.886252","level":"info","event":"Rows affected: 1","logger":"airflow.task.hooks.airflow.providers.snowflake.hooks.snowflake.SnowflakeHook"}
{"timestamp":"2025-11-27T03:01:44.887001","level":"warning","event":"/home/airflow/.local/lib/python3.12/site-packages/airflow/providers/snowflake/hooks/snowflake.py:392: DeprecationWarning: Import of return_single_query_results from the 'airflow.providers.common.sql.hooks' module is deprecated and will\nbe removed in the future. Please import it from 'airflow.providers.common.sql.hooks.handlers'.\n  if return_single_query_results(sql, return_last, split_statements):\n","logger":"py.warnings"}
{"timestamp":"2025-11-27T03:01:44.887089","level":"info","event":"Rows affected: 1","logger":"airflow.task.hooks.airflow.providers.snowflake.hooks.snowflake.SnowflakeHook"}
{"timestamp":"2025-11-27T03:01:44.887144","level":"info","event":"Snowflake query id: 01c0a995-0001-4720-0002-40fa00059966","logger":"airflow.task.hooks.airflow.providers.snowflake.hooks.snowflake.SnowflakeHook"}
{"timestamp":"2025-11-27T03:01:45.331255","level":"warning","event":"/home/airflow/.local/lib/python3.12/site-packages/airflow/providers/snowflake/hooks/snowflake.py:410: DeprecationWarning: Import of return_single_query_results from the 'airflow.providers.common.sql.hooks' module is deprecated and will\nbe removed in the future. Please import it from 'airflow.providers.common.sql.hooks.handlers'.\n  if return_single_query_results(sql, return_last, split_statements):\n","logger":"py.warnings"}
{"timestamp":"2025-11-27T03:01:45.331689","level":"info","event":"Secrets backends loaded for worker","count":1,"backend_classes":["EnvironmentVariablesBackend"],"logger":"supervisor"}
{"timestamp":"2025-11-27T03:01:45.332129Z","level":"info","event":">>> Próximo ID obtido da sequence: 38","chan":"stdout","logger":"task"}
{"timestamp":"2025-11-27T03:01:45.338051","level":"info","event":"Connection Retrieved 'snowflake_sandboxdata_conn'","logger":"airflow.hooks.base"}
{"timestamp":"2025-11-27T03:01:45.338293","level":"info","event":"Snowflake Connector for Python Version: 3.15.0, Python Version: 3.12.10, Platform: Linux-5.15.167.4-microsoft-standard-WSL2-x86_64-with-glibc2.36","logger":"snowflake.connector.connection"}
{"timestamp":"2025-11-27T03:01:45.338660","level":"info","event":"Connecting to GLOBAL Snowflake domain","logger":"snowflake.connector.connection"}
{"timestamp":"2025-11-27T03:01:46.015463","level":"info","event":"Running statement: INSERT INTO SANDBOXDATA.PUBLIC.tblSandbox (id_file, ds_file)\n            VALUES (38, 'Teste_20251126.json');, parameters: None","logger":"airflow.task.hooks.airflow.providers.snowflake.hooks.snowflake.SnowflakeHook"}
{"timestamp":"2025-11-27T03:01:46.557492","level":"info","event":"Rows affected: 1","logger":"airflow.task.hooks.airflow.providers.snowflake.hooks.snowflake.SnowflakeHook"}
{"timestamp":"2025-11-27T03:01:46.557663","level":"info","event":"Rows affected: 1","logger":"airflow.task.hooks.airflow.providers.snowflake.hooks.snowflake.SnowflakeHook"}
{"timestamp":"2025-11-27T03:01:46.557730","level":"info","event":"Snowflake query id: 01c0a995-0001-4720-0002-40fa0005996e","logger":"airflow.task.hooks.airflow.providers.snowflake.hooks.snowflake.SnowflakeHook"}
{"timestamp":"2025-11-27T03:01:47.170862Z","level":"info","event":">>> Finalizado inserir_tblsandbox: Teste_20251126.json","chan":"stdout","logger":"task"}
{"timestamp":"2025-11-27T03:01:47.171362Z","level":"info","event":">>> ID gerado: 38","chan":"stdout","logger":"task"}
{"timestamp":"2025-11-27T03:01:47.170908","level":"info","event":"Done. Returned value was: 38","logger":"airflow.task.operators.airflow.providers.standard.decorators.python._PythonDecoratedOperator"}
{"timestamp":"2025-11-27T03:01:47.171225","level":"info","event":"Pushing xcom","ti":"RuntimeTaskInstance(id=UUID('019ac342-50c9-72b6-aa8f-2ea9ea56975f'), task_id='inserir_tblsandbox', dag_id='trigger_process_json', run_id='manual__2025-11-27T03:01:34.519584+00:00', try_number=1, map_index=-1, hostname='6c01ba696107', context_carrier={}, task=<Task(_PythonDecoratedOperator): inserir_tblsandbox>, bundle_instance=LocalDagBundle(name=dags-folder), max_tries=0, start_date=datetime.datetime(2025, 11, 27, 3, 1, 41, 476801, tzinfo=TzInfo(UTC)), end_date=None, state=<TaskInstanceState.RUNNING: 'running'>, is_mapped=False, rendered_map_index=None)","logger":"task"}
